<?xml version="1.0" encoding="UTF-8"?>
<coverage generated="1394995934">
  <project timestamp="1394995934">
    <package name="TwbBundle">
      <file name="C:\Users\neilime\Documents\NetBeansProjects\zf2-twb-bundle/Module.php">
        <class name="Module" namespace="TwbBundle">
          <metrics methods="2" coveredmethods="2" conditionals="0" coveredconditionals="0" statements="4" coveredstatements="4" elements="6" coveredelements="6"/>
        </class>
        <line num="11" type="method" name="getAutoloaderConfig" crap="1" count="1"/>
        <line num="14" type="stmt" count="1"/>
        <line num="15" type="stmt" count="1"/>
        <line num="16" type="stmt" count="1"/>
        <line num="22" type="method" name="getConfig" crap="1" count="1"/>
        <line num="23" type="stmt" count="1"/>
        <metrics loc="24" ncloc="17" classes="1" methods="2" coveredmethods="2" conditionals="0" coveredconditionals="0" statements="4" coveredstatements="4" elements="6" coveredelements="6"/>
      </file>
    </package>
    <package name="TwbBundle\Form\Element">
      <file name="C:\Users\neilime\Documents\NetBeansProjects\zf2-twb-bundle/src/TwbBundle/Form/Element/StaticElement.php">
        <class name="StaticElement" namespace="TwbBundle\Form\Element">
          <metrics methods="0" coveredmethods="0" conditionals="0" coveredconditionals="0" statements="0" coveredstatements="0" elements="0" coveredelements="0"/>
        </class>
        <metrics loc="10" ncloc="6" classes="1" methods="0" coveredmethods="0" conditionals="0" coveredconditionals="0" statements="0" coveredstatements="0" elements="0" coveredelements="0"/>
      </file>
    </package>
    <package name="TwbBundle\Form\View\Helper">
      <file name="C:\Users\neilime\Documents\NetBeansProjects\zf2-twb-bundle/src/TwbBundle/Form/View/Helper/TwbBundleForm.php">
        <class name="TwbBundleForm" namespace="TwbBundle\Form\View\Helper">
          <metrics methods="2" coveredmethods="2" conditionals="0" coveredconditionals="0" statements="36" coveredstatements="36" elements="38" coveredelements="38"/>
        </class>
        <line num="20" type="method" name="__invoke" crap="2" count="11"/>
        <line num="22" type="stmt" count="11"/>
        <line num="23" type="stmt" count="10"/>
        <line num="25" type="stmt" count="1"/>
        <line num="35" type="method" name="render" crap="14" count="11"/>
        <line num="38" type="stmt" count="11"/>
        <line num="39" type="stmt" count="11"/>
        <line num="40" type="stmt" count="11"/>
        <line num="43" type="stmt" count="11"/>
        <line num="44" type="stmt" count="7"/>
        <line num="45" type="stmt" count="7"/>
        <line num="46" type="stmt" count="2"/>
        <line num="47" type="stmt" count="1"/>
        <line num="48" type="stmt" count="1"/>
        <line num="49" type="stmt" count="2"/>
        <line num="51" type="stmt" count="6"/>
        <line num="53" type="stmt" count="7"/>
        <line num="56" type="stmt" count="11"/>
        <line num="57" type="stmt" count="11"/>
        <line num="58" type="stmt" count="11"/>
        <line num="60" type="stmt" count="11"/>
        <line num="61" type="stmt" count="11"/>
        <line num="62" type="stmt" count="11"/>
        <line num="63" type="stmt" count="11"/>
        <line num="64" type="stmt" count="10"/>
        <line num="65" type="stmt" count="10"/>
        <line num="66" type="stmt" count="4"/>
        <line num="67" type="stmt" count="4"/>
        <line num="69" type="stmt" count="10"/>
        <line num="70" type="stmt" count="6"/>
        <line num="71" type="stmt" count="6"/>
        <line num="72" type="stmt" count="6"/>
        <line num="73" type="stmt" count="10"/>
        <line num="74" type="stmt" count="11"/>
        <line num="75" type="stmt" count="11"/>
        <line num="76" type="stmt" count="1"/>
        <line num="77" type="stmt" count="1"/>
        <line num="78" type="stmt" count="11"/>
        <line num="210" type="stmt" count="11"/>
        <metrics loc="79" ncloc="55" classes="1" methods="2" coveredmethods="2" conditionals="0" coveredconditionals="0" statements="36" coveredstatements="36" elements="38" coveredelements="38"/>
      </file>
      <file name="C:\Users\neilime\Documents\NetBeansProjects\zf2-twb-bundle/src/TwbBundle/Form/View/Helper/TwbBundleFormButton.php">
        <class name="TwbBundleFormButton" namespace="TwbBundle\Form\View\Helper">
          <metrics methods="1" coveredmethods="1" conditionals="0" coveredconditionals="0" statements="74" coveredstatements="74" elements="75" coveredelements="75"/>
        </class>
        <line num="44" type="method" name="render" crap="30" count="25"/>
        <line num="46" type="stmt" count="25"/>
        <line num="48" type="stmt" count="11"/>
        <line num="49" type="stmt" count="11"/>
        <line num="50" type="stmt" count="11"/>
        <line num="52" type="stmt" count="11"/>
        <line num="53" type="stmt" count="1"/>
        <line num="54" type="stmt" count="1"/>
        <line num="55" type="stmt" count="10"/>
        <line num="56" type="stmt" count="10"/>
        <line num="57" type="stmt" count="10"/>
        <line num="58" type="stmt" count="8"/>
        <line num="59" type="stmt" count="8"/>
        <line num="61" type="stmt" count="10"/>
        <line num="62" type="stmt" count="10"/>
        <line num="63" type="stmt" count="6"/>
        <line num="64" type="stmt" count="6"/>
        <line num="66" type="stmt" count="11"/>
        <line num="67" type="stmt" count="11"/>
        <line num="68" type="stmt" count="20"/>
        <line num="72" type="stmt" count="25"/>
        <line num="75" type="stmt" count="25"/>
        <line num="76" type="stmt" count="25"/>
        <line num="77" type="stmt" count="25"/>
        <line num="78" type="stmt" count="1"/>
        <line num="80" type="stmt" count="1"/>
        <line num="82" type="stmt" count="1"/>
        <line num="85" type="stmt" count="24"/>
        <line num="86" type="stmt" count="24"/>
        <line num="87" type="stmt" count="24"/>
        <line num="88" type="stmt" count="24"/>
        <line num="89" type="stmt" count="24"/>
        <line num="90" type="stmt" count="24"/>
        <line num="92" type="stmt" count="24"/>
        <line num="95" type="stmt" count="24"/>
        <line num="96" type="stmt" count="7"/>
        <line num="98" type="stmt" count="1"/>
        <line num="100" type="stmt" count="1"/>
        <line num="101" type="stmt" count="7"/>
        <line num="102" type="stmt" count="1"/>
        <line num="103" type="stmt" count="5"/>
        <line num="104" type="stmt" count="1"/>
        <line num="105" type="stmt" count="4"/>
        <line num="106" type="stmt" count="1"/>
        <line num="107" type="stmt" count="4"/>
        <line num="108" type="stmt" count="1"/>
        <line num="109" type="stmt" count="2"/>
        <line num="110" type="stmt" count="1"/>
        <line num="113" type="stmt" count="3"/>
        <line num="114" type="stmt" count="2"/>
        <line num="115" type="stmt" count="1"/>
        <line num="116" type="stmt" count="1"/>
        <line num="118" type="stmt" count="1"/>
        <line num="120" type="stmt" count="2"/>
        <line num="122" type="stmt" count="2"/>
        <line num="124" type="stmt" count="3"/>
        <line num="127" type="stmt" count="20"/>
        <line num="128" type="stmt" count="7"/>
        <line num="129" type="stmt" count="1"/>
        <line num="132" type="stmt" count="6"/>
        <line num="134" type="stmt" count="3"/>
        <line num="135" type="stmt" count="3"/>
        <line num="136" type="stmt" count="3"/>
        <line num="139" type="stmt" count="3"/>
        <line num="140" type="stmt" count="3"/>
        <line num="141" type="stmt" count="3"/>
        <line num="143" type="stmt" count="3"/>
        <line num="147" type="stmt" count="6"/>
        <line num="148" type="stmt" count="2"/>
        <line num="152" type="stmt" count="4"/>
        <line num="153" type="stmt" count="4"/>
        <line num="155" type="stmt" count="4"/>
        <line num="157" type="stmt" count="4"/>
        <line num="158" type="stmt" count="4"/>
        <line num="161" type="stmt" count="13"/>
        <metrics loc="162" ncloc="115" classes="1" methods="1" coveredmethods="1" conditionals="0" coveredconditionals="0" statements="74" coveredstatements="74" elements="75" coveredelements="75"/>
      </file>
      <file name="C:\Users\neilime\Documents\NetBeansProjects\zf2-twb-bundle/src/TwbBundle/Form/View/Helper/TwbBundleFormCheckbox.php">
        <class name="TwbBundleFormCheckbox" namespace="TwbBundle\Form\View\Helper">
          <metrics methods="2" coveredmethods="2" conditionals="0" coveredconditionals="0" statements="34" coveredstatements="34" elements="36" coveredelements="36"/>
        </class>
        <line num="23" type="method" name="render" crap="12" count="9"/>
        <line num="25" type="stmt" count="9"/>
        <line num="26" type="stmt" count="1"/>
        <line num="28" type="stmt" count="1"/>
        <line num="29" type="stmt" count="8"/>
        <line num="30" type="stmt" count="1"/>
        <line num="32" type="stmt" count="1"/>
        <line num="34" type="stmt" count="7"/>
        <line num="35" type="stmt" count="7"/>
        <line num="36" type="stmt" count="7"/>
        <line num="37" type="stmt" count="7"/>
        <line num="38" type="stmt" count="7"/>
        <line num="40" type="stmt" count="7"/>
        <line num="43" type="stmt" count="7"/>
        <line num="44" type="stmt" count="7"/>
        <line num="46" type="stmt" count="7"/>
        <line num="47" type="stmt" count="7"/>
        <line num="48" type="stmt" count="7"/>
        <line num="49" type="stmt" count="7"/>
        <line num="50" type="stmt" count="7"/>
        <line num="52" type="stmt" count="7"/>
        <line num="53" type="stmt" count="7"/>
        <line num="56" type="stmt" count="7"/>
        <line num="57" type="stmt" count="7"/>
        <line num="58" type="stmt" count="7"/>
        <line num="59" type="stmt" count="7"/>
        <line num="60" type="stmt" count="7"/>
        <line num="61" type="stmt" count="7"/>
        <line num="62" type="stmt" count="7"/>
        <line num="63" type="stmt" count="7"/>
        <line num="71" type="method" name="getLabelHelper" crap="5" count="7"/>
        <line num="73" type="stmt" count="7"/>
        <line num="74" type="stmt" count="1"/>
        <line num="75" type="stmt" count="1"/>
        <line num="76" type="stmt" count="1"/>
        <line num="77" type="stmt" count="1"/>
        <metrics loc="78" ncloc="56" classes="1" methods="2" coveredmethods="2" conditionals="0" coveredconditionals="0" statements="34" coveredstatements="34" elements="36" coveredelements="36"/>
      </file>
      <file name="C:\Users\neilime\Documents\NetBeansProjects\zf2-twb-bundle/src/TwbBundle/Form/View/Helper/TwbBundleFormCollection.php">
        <class name="TwbBundleFormCollection" namespace="TwbBundle\Form\View\Helper">
          <metrics methods="1" coveredmethods="1" conditionals="0" coveredconditionals="0" statements="48" coveredstatements="48" elements="49" coveredelements="49"/>
        </class>
        <line num="30" type="method" name="render" crap="19" count="5"/>
        <line num="31" type="stmt" count="5"/>
        <line num="32" type="stmt" count="5"/>
        <line num="33" type="stmt" count="1"/>
        <line num="36" type="stmt" count="4"/>
        <line num="38" type="stmt" count="4"/>
        <line num="39" type="stmt" count="4"/>
        <line num="40" type="stmt" count="4"/>
        <line num="41" type="stmt" count="4"/>
        <line num="42" type="stmt" count="4"/>
        <line num="44" type="stmt" count="4"/>
        <line num="45" type="stmt" count="2"/>
        <line num="46" type="stmt" count="2"/>
        <line num="47" type="stmt" count="2"/>
        <line num="48" type="stmt" count="2"/>
        <line num="49" type="stmt" count="2"/>
        <line num="51" type="stmt" count="2"/>
        <line num="52" type="stmt" count="1"/>
        <line num="53" type="stmt" count="2"/>
        <line num="54" type="stmt" count="2"/>
        <line num="55" type="stmt" count="2"/>
        <line num="56" type="stmt" count="4"/>
        <line num="57" type="stmt" count="4"/>
        <line num="58" type="stmt" count="1"/>
        <line num="59" type="stmt" count="1"/>
        <line num="60" type="stmt" count="4"/>
        <line num="62" type="stmt" count="4"/>
        <line num="63" type="stmt" count="4"/>
        <line num="64" type="stmt" count="1"/>
        <line num="65" type="stmt" count="1"/>
        <line num="66" type="stmt" count="1"/>
        <line num="68" type="stmt" count="1"/>
        <line num="69" type="stmt" count="1"/>
        <line num="70" type="stmt" count="1"/>
        <line num="71" type="stmt" count="1"/>
        <line num="74" type="stmt" count="4"/>
        <line num="75" type="stmt" count="2"/>
        <line num="76" type="stmt" count="2"/>
        <line num="77" type="stmt" count="1"/>
        <line num="78" type="stmt" count="1"/>
        <line num="79" type="stmt" count="1"/>
        <line num="80" type="stmt" count="1"/>
        <line num="81" type="stmt" count="1"/>
        <line num="83" type="stmt" count="2"/>
        <line num="85" type="stmt" count="4"/>
        <line num="86" type="stmt" count="4"/>
        <line num="87" type="stmt" count="4"/>
        <line num="88" type="stmt" count="4"/>
        <line num="89" type="stmt" count="4"/>
        <line num="93" type="stmt" count="1"/>
        <metrics loc="92" ncloc="75" classes="1" methods="1" coveredmethods="1" conditionals="0" coveredconditionals="0" statements="48" coveredstatements="48" elements="49" coveredelements="49"/>
      </file>
      <file name="C:\Users\neilime\Documents\NetBeansProjects\zf2-twb-bundle/src/TwbBundle/Form/View/Helper/TwbBundleFormElement.php">
        <class name="TwbBundleFormElement" namespace="TwbBundle\Form\View\Helper">
          <metrics methods="9" coveredmethods="9" conditionals="0" coveredconditionals="0" statements="81" coveredstatements="81" elements="90" coveredelements="90"/>
        </class>
        <line num="40" type="method" name="render" crap="12" count="28"/>
        <line num="42" type="stmt" count="28"/>
        <line num="44" type="stmt" count="28"/>
        <line num="45" type="stmt" count="26"/>
        <line num="46" type="stmt" count="7"/>
        <line num="47" type="stmt" count="4"/>
        <line num="48" type="stmt" count="4"/>
        <line num="49" type="stmt" count="7"/>
        <line num="50" type="stmt" count="24"/>
        <line num="52" type="stmt" count="26"/>
        <line num="54" type="stmt" count="28"/>
        <line num="57" type="stmt" count="28"/>
        <line num="58" type="stmt" count="6"/>
        <line num="59" type="stmt" count="6"/>
        <line num="62" type="stmt" count="28"/>
        <line num="63" type="stmt" count="4"/>
        <line num="64" type="stmt" count="4"/>
        <line num="66" type="stmt" count="28"/>
        <line num="67" type="stmt" count="6"/>
        <line num="69" type="stmt" count="6"/>
        <line num="70" type="stmt" count="6"/>
        <line num="71" type="stmt" count="1"/>
        <line num="72" type="stmt" count="6"/>
        <line num="73" type="stmt" count="1"/>
        <line num="74" type="stmt" count="1"/>
        <line num="75" type="stmt" count="6"/>
        <line num="76" type="stmt" count="6"/>
        <line num="77" type="stmt" count="6"/>
        <line num="78" type="stmt" count="6"/>
        <line num="80" type="stmt" count="26"/>
        <line num="90" type="method" name="renderAddOn" crap="16" count="12"/>
        <line num="91" type="stmt" count="12"/>
        <line num="92" type="stmt" count="1"/>
        <line num="94" type="stmt" count="11"/>
        <line num="95" type="stmt" count="4"/>
        <line num="96" type="stmt" count="11"/>
        <line num="97" type="stmt" count="3"/>
        <line num="98" type="stmt" count="7"/>
        <line num="99" type="stmt" count="1"/>
        <line num="102" type="stmt" count="10"/>
        <line num="103" type="stmt" count="10"/>
        <line num="104" type="stmt" count="10"/>
        <line num="105" type="stmt" count="10"/>
        <line num="106" type="stmt" count="4"/>
        <line num="107" type="stmt" count="1"/>
        <line num="108" type="stmt" count="3"/>
        <line num="109" type="stmt" count="2"/>
        <line num="110" type="stmt" count="2"/>
        <line num="111" type="stmt" count="1"/>
        <line num="113" type="stmt" count="3"/>
        <line num="114" type="stmt" count="9"/>
        <line num="116" type="stmt" count="6"/>
        <line num="117" type="stmt" count="6"/>
        <line num="118" type="stmt" count="1"/>
        <line num="119" type="stmt" count="1"/>
        <line num="120" type="stmt" count="6"/>
        <line num="121" type="stmt" count="1"/>
        <line num="122" type="stmt" count="1"/>
        <line num="123" type="stmt" count="1"/>
        <line num="125" type="stmt" count="5"/>
        <line num="126" type="stmt" count="5"/>
        <line num="128" type="stmt" count="5"/>
        <line num="129" type="stmt" count="3"/>
        <line num="131" type="stmt" count="3"/>
        <line num="132" type="stmt" count="2"/>
        <line num="133" type="stmt" count="2"/>
        <line num="134" type="stmt" count="3"/>
        <line num="135" type="stmt" count="2"/>
        <line num="137" type="stmt" count="5"/>
        <line num="139" type="stmt" count="8"/>
        <line num="149" type="method" name="setTranslator" crap="2" count="3"/>
        <line num="150" type="stmt" count="3"/>
        <line num="151" type="stmt" count="3"/>
        <line num="152" type="stmt" count="1"/>
        <line num="153" type="stmt" count="1"/>
        <line num="154" type="stmt" count="3"/>
        <line num="162" type="method" name="getTranslator" crap="2" count="4"/>
        <line num="163" type="stmt" count="4"/>
        <line num="171" type="method" name="hasTranslator" crap="1" count="1"/>
        <line num="172" type="stmt" count="1"/>
        <line num="181" type="method" name="setTranslatorEnabled" crap="1" count="1"/>
        <line num="182" type="stmt" count="1"/>
        <line num="183" type="stmt" count="1"/>
        <line num="191" type="method" name="isTranslatorEnabled" crap="1" count="5"/>
        <line num="192" type="stmt" count="5"/>
        <line num="201" type="method" name="setTranslatorTextDomain" crap="1" count="2"/>
        <line num="202" type="stmt" count="2"/>
        <line num="203" type="stmt" count="2"/>
        <line num="211" type="method" name="getTranslatorTextDomain" crap="1" count="4"/>
        <line num="212" type="stmt" count="4"/>
        <line num="216" type="stmt" count="1"/>
        <metrics loc="215" ncloc="136" classes="1" methods="9" coveredmethods="9" conditionals="0" coveredconditionals="0" statements="81" coveredstatements="81" elements="90" coveredelements="90"/>
      </file>
      <file name="C:\Users\neilime\Documents\NetBeansProjects\zf2-twb-bundle/src/TwbBundle/Form/View/Helper/TwbBundleFormElementErrors.php">
        <class name="TwbBundleFormElementErrors" namespace="TwbBundle\Form\View\Helper">
          <metrics methods="0" coveredmethods="0" conditionals="0" coveredconditionals="0" statements="0" coveredstatements="0" elements="0" coveredelements="0"/>
        </class>
        <metrics loc="6" ncloc="6" classes="1" methods="0" coveredmethods="0" conditionals="0" coveredconditionals="0" statements="0" coveredstatements="0" elements="0" coveredelements="0"/>
      </file>
      <file name="C:\Users\neilime\Documents\NetBeansProjects\zf2-twb-bundle/src/TwbBundle/Form/View/Helper/TwbBundleFormErrors.php">
        <class name="TwbBundleFormErrors" namespace="TwbBundle\Form\View\Helper">
          <metrics methods="3" coveredmethods="3" conditionals="0" coveredconditionals="0" statements="22" coveredstatements="22" elements="25" coveredelements="25"/>
        </class>
        <line num="0" type="stmt" count="1"/>
        <line num="19" type="method" name="__invoke" crap="5" count="3"/>
        <line num="20" type="stmt" count="3"/>
        <line num="21" type="stmt" count="3"/>
        <line num="24" type="stmt" count="2"/>
        <line num="25" type="stmt" count="2"/>
        <line num="26" type="stmt" count="2"/>
        <line num="28" type="stmt" count="2"/>
        <line num="30" type="stmt" count="1"/>
        <line num="33" type="stmt" count="1"/>
        <line num="41" type="method" name="render" crap="4" count="1"/>
        <line num="42" type="stmt" count="1"/>
        <line num="44" type="stmt" count="1"/>
        <line num="46" type="stmt" count="1"/>
        <line num="47" type="stmt" count="1"/>
        <line num="48" type="stmt" count="1"/>
        <line num="49" type="stmt" count="1"/>
        <line num="50" type="stmt" count="1"/>
        <line num="51" type="stmt" count="1"/>
        <line num="52" type="stmt" count="1"/>
        <line num="53" type="stmt" count="1"/>
        <line num="55" type="stmt" count="1"/>
        <line num="56" type="stmt" count="1"/>
        <line num="58" type="stmt" count="1"/>
        <line num="67" type="method" name="dangerAlert" crap="1" count="1"/>
        <line num="68" type="stmt" count="1"/>
        <line num="72" type="stmt" count="1"/>
        <metrics loc="71" ncloc="53" classes="1" methods="3" coveredmethods="3" conditionals="0" coveredconditionals="0" statements="22" coveredstatements="22" elements="25" coveredelements="25"/>
      </file>
      <file name="C:\Users\neilime\Documents\NetBeansProjects\zf2-twb-bundle/src/TwbBundle/Form/View/Helper/TwbBundleFormMultiCheckbox.php">
        <class name="TwbBundleFormMultiCheckbox" namespace="TwbBundle\Form\View\Helper">
          <metrics methods="1" coveredmethods="1" conditionals="0" coveredconditionals="0" statements="7" coveredstatements="7" elements="8" coveredelements="8"/>
        </class>
        <line num="9" type="method" name="render" crap="5" count="4"/>
        <line num="11" type="stmt" count="4"/>
        <line num="12" type="stmt" count="4"/>
        <line num="14" type="stmt" count="4"/>
        <line num="15" type="stmt" count="4"/>
        <line num="16" type="stmt" count="2"/>
        <line num="17" type="stmt" count="4"/>
        <line num="19" type="stmt" count="4"/>
        <line num="22" type="stmt" count="1"/>
        <metrics loc="21" ncloc="16" classes="1" methods="1" coveredmethods="1" conditionals="0" coveredconditionals="0" statements="7" coveredstatements="7" elements="8" coveredelements="8"/>
      </file>
      <file name="C:\Users\neilime\Documents\NetBeansProjects\zf2-twb-bundle/src/TwbBundle/Form/View/Helper/TwbBundleFormRadio.php">
        <class name="TwbBundleFormRadio" namespace="TwbBundle\Form\View\Helper">
          <metrics methods="2" coveredmethods="2" conditionals="0" coveredconditionals="0" statements="57" coveredstatements="57" elements="59" coveredelements="59"/>
        </class>
        <line num="23" type="method" name="render" crap="2" count="3"/>
        <line num="24" type="stmt" count="3"/>
        <line num="25" type="stmt" count="1"/>
        <line num="26" type="stmt" count="1"/>
        <line num="27" type="stmt" count="1"/>
        <line num="28" type="stmt" count="1"/>
        <line num="29" type="stmt" count="1"/>
        <line num="31" type="stmt" count="2"/>
        <line num="42" type="method" name="renderOptions" crap="22" count="6"/>
        <line num="43" type="stmt" count="6"/>
        <line num="44" type="stmt" count="6"/>
        <line num="45" type="stmt" count="6"/>
        <line num="46" type="stmt" count="6"/>
        <line num="47" type="stmt" count="6"/>
        <line num="48" type="stmt" count="6"/>
        <line num="49" type="stmt" count="6"/>
        <line num="50" type="stmt" count="6"/>
        <line num="52" type="stmt" count="6"/>
        <line num="53" type="stmt" count="6"/>
        <line num="54" type="stmt" count="2"/>
        <line num="55" type="stmt" count="2"/>
        <line num="58" type="stmt" count="6"/>
        <line num="59" type="stmt" count="6"/>
        <line num="60" type="stmt" count="1"/>
        <line num="61" type="stmt" count="1"/>
        <line num="64" type="stmt" count="6"/>
        <line num="67" type="stmt" count="6"/>
        <line num="68" type="stmt" count="3"/>
        <line num="69" type="stmt" count="6"/>
        <line num="70" type="stmt" count="1"/>
        <line num="71" type="stmt" count="1"/>
        <line num="72" type="stmt" count="4"/>
        <line num="76" type="stmt" count="6"/>
        <line num="77" type="stmt" count="1"/>
        <line num="78" type="stmt" count="1"/>
        <line num="79" type="stmt" count="6"/>
        <line num="83" type="stmt" count="6"/>
        <line num="86" type="stmt" count="6"/>
        <line num="87" type="stmt" count="6"/>
        <line num="88" type="stmt" count="5"/>
        <line num="89" type="stmt" count="5"/>
        <line num="90" type="stmt" count="1"/>
        <line num="91" type="stmt" count="1"/>
        <line num="92" type="stmt" count="5"/>
        <line num="93" type="stmt" count="5"/>
        <line num="94" type="stmt" count="5"/>
        <line num="95" type="stmt" count="5"/>
        <line num="96" type="stmt" count="5"/>
        <line num="97" type="stmt" count="4"/>
        <line num="98" type="stmt" count="4"/>
        <line num="99" type="stmt" count="1"/>
        <line num="100" type="stmt" count="1"/>
        <line num="101" type="stmt" count="1"/>
        <line num="102" type="stmt" count="1"/>
        <line num="103" type="stmt" count="5"/>
        <line num="104" type="stmt" count="5"/>
        <line num="105" type="stmt" count="6"/>
        <line num="106" type="stmt" count="6"/>
        <line num="107" type="stmt" count="6"/>
        <line num="111" type="stmt" count="1"/>
        <metrics loc="110" ncloc="78" classes="1" methods="2" coveredmethods="2" conditionals="0" coveredconditionals="0" statements="57" coveredstatements="57" elements="59" coveredelements="59"/>
      </file>
      <file name="C:\Users\neilime\Documents\NetBeansProjects\zf2-twb-bundle/src/TwbBundle/Form/View/Helper/TwbBundleFormRow.php">
        <class name="TwbBundleFormRow" namespace="TwbBundle\Form\View\Helper">
          <metrics methods="4" coveredmethods="4" conditionals="0" coveredconditionals="0" statements="120" coveredstatements="120" elements="124" coveredelements="124"/>
        </class>
        <line num="33" type="method" name="render" crap="17" count="18"/>
        <line num="34" type="stmt" count="18"/>
        <line num="37" type="stmt" count="18"/>
        <line num="38" type="stmt" count="1"/>
        <line num="42" type="stmt" count="17"/>
        <line num="45" type="stmt" count="17"/>
        <line num="46" type="stmt" count="1"/>
        <line num="47" type="stmt" count="1"/>
        <line num="48" type="stmt" count="1"/>
        <line num="49" type="stmt" count="1"/>
        <line num="50" type="stmt" count="1"/>
        <line num="51" type="stmt" count="1"/>
        <line num="52" type="stmt" count="1"/>
        <line num="55" type="stmt" count="16"/>
        <line num="58" type="stmt" count="16"/>
        <line num="59" type="stmt" count="1"/>
        <line num="60" type="stmt" count="1"/>
        <line num="63" type="stmt" count="16"/>
        <line num="64" type="stmt" count="3"/>
        <line num="66" type="stmt" count="3"/>
        <line num="67" type="stmt" count="2"/>
        <line num="68" type="stmt" count="1"/>
        <line num="69" type="stmt" count="1"/>
        <line num="70" type="stmt" count="1"/>
        <line num="71" type="stmt" count="1"/>
        <line num="72" type="stmt" count="1"/>
        <line num="74" type="stmt" count="2"/>
        <line num="75" type="stmt" count="3"/>
        <line num="79" type="stmt" count="16"/>
        <line num="81" type="stmt" count="5"/>
        <line num="82" type="stmt" count="16"/>
        <line num="83" type="stmt" count="1"/>
        <line num="84" type="stmt" count="1"/>
        <line num="87" type="stmt" count="16"/>
        <line num="90" type="stmt" count="16"/>
        <line num="91" type="stmt" count="5"/>
        <line num="93" type="stmt" count="15"/>
        <line num="94" type="stmt" count="15"/>
        <line num="95" type="stmt" count="1"/>
        <line num="98" type="stmt" count="15"/>
        <line num="99" type="stmt" count="15"/>
        <line num="100" type="stmt" count="15"/>
        <line num="108" type="method" name="renderLabel" crap="3" count="21"/>
        <line num="109" type="stmt" count="21"/>
        <line num="110" type="stmt" count="14"/>
        <line num="111" type="stmt" count="14"/>
        <line num="112" type="stmt" count="21"/>
        <line num="121" type="method" name="renderElement" crap="27" count="20"/>
        <line num="123" type="stmt" count="20"/>
        <line num="126" type="stmt" count="20"/>
        <line num="127" type="stmt" count="20"/>
        <line num="129" type="stmt" count="14"/>
        <line num="132" type="stmt" count="14"/>
        <line num="133" type="stmt" count="6"/>
        <line num="134" type="stmt" count="1"/>
        <line num="135" type="stmt" count="1"/>
        <line num="138" type="stmt" count="6"/>
        <line num="139" type="stmt" count="5"/>
        <line num="141" type="stmt" count="2"/>
        <line num="142" type="stmt" count="2"/>
        <line num="144" type="stmt" count="12"/>
        <line num="145" type="stmt" count="4"/>
        <line num="146" type="stmt" count="4"/>
        <line num="147" type="stmt" count="12"/>
        <line num="150" type="stmt" count="12"/>
        <line num="151" type="stmt" count="3"/>
        <line num="152" type="stmt" count="1"/>
        <line num="153" type="stmt" count="3"/>
        <line num="154" type="stmt" count="2"/>
        <line num="155" type="stmt" count="2"/>
        <line num="156" type="stmt" count="3"/>
        <line num="158" type="stmt" count="12"/>
        <line num="161" type="stmt" count="12"/>
        <line num="162" type="stmt" count="2"/>
        <line num="163" type="stmt" count="1"/>
        <line num="164" type="stmt" count="2"/>
        <line num="165" type="stmt" count="1"/>
        <line num="166" type="stmt" count="1"/>
        <line num="167" type="stmt" count="2"/>
        <line num="169" type="stmt" count="10"/>
        <line num="170" type="stmt" count="6"/>
        <line num="171" type="stmt" count="1"/>
        <line num="172" type="stmt" count="1"/>
        <line num="173" type="stmt" count="5"/>
        <line num="174" type="stmt" count="4"/>
        <line num="175" type="stmt" count="4"/>
        <line num="177" type="stmt" count="6"/>
        <line num="179" type="stmt" count="12"/>
        <line num="180" type="stmt" count="10"/>
        <line num="181" type="stmt" count="10"/>
        <line num="183" type="stmt" count="12"/>
        <line num="184" type="stmt" count="12"/>
        <line num="185" type="stmt" count="12"/>
        <line num="187" type="stmt" count="12"/>
        <line num="190" type="stmt" count="19"/>
        <line num="191" type="stmt" count="19"/>
        <line num="192" type="stmt" count="14"/>
        <line num="195" type="stmt" count="14"/>
        <line num="196" type="stmt" count="14"/>
        <line num="197" type="stmt" count="14"/>
        <line num="199" type="stmt" count="14"/>
        <line num="201" type="stmt" count="7"/>
        <line num="202" type="stmt" count="6"/>
        <line num="205" type="stmt" count="6"/>
        <line num="206" type="stmt" count="6"/>
        <line num="207" type="stmt" count="6"/>
        <line num="209" type="stmt" count="6"/>
        <line num="212" type="stmt" count="6"/>
        <line num="213" type="stmt" count="4"/>
        <line num="214" type="stmt" count="4"/>
        <line num="217" type="stmt" count="6"/>
        <line num="218" type="stmt" count="2"/>
        <line num="219" type="stmt" count="2"/>
        <line num="220" type="stmt" count="2"/>
        <line num="223" type="stmt" count="6"/>
        <line num="224" type="stmt" count="6"/>
        <line num="225" type="stmt" count="6"/>
        <line num="227" type="stmt" count="1"/>
        <line num="228" type="stmt" count="1"/>
        <line num="229" type="stmt" count="1"/>
        <line num="237" type="method" name="renderHelpBlock" crap="3" count="18"/>
        <line num="238" type="stmt" count="18"/>
        <line num="239" type="stmt" count="2"/>
        <line num="240" type="stmt" count="18"/>
        <line num="244" type="stmt" count="1"/>
        <metrics loc="243" ncloc="167" classes="1" methods="4" coveredmethods="4" conditionals="0" coveredconditionals="0" statements="120" coveredstatements="120" elements="124" coveredelements="124"/>
      </file>
      <file name="C:\Users\neilime\Documents\NetBeansProjects\zf2-twb-bundle/src/TwbBundle/Form/View/Helper/TwbBundleFormStatic.php">
        <class name="TwbBundleFormStatic" namespace="TwbBundle\Form\View\Helper">
          <metrics methods="1" coveredmethods="1" conditionals="0" coveredconditionals="0" statements="1" coveredstatements="1" elements="2" coveredelements="2"/>
        </class>
        <line num="14" type="method" name="render" crap="1" count="1"/>
        <line num="15" type="stmt" count="1"/>
        <metrics loc="16" ncloc="8" classes="1" methods="1" coveredmethods="1" conditionals="0" coveredconditionals="0" statements="1" coveredstatements="1" elements="2" coveredelements="2"/>
      </file>
    </package>
    <package name="TwbBundle\View\Helper">
      <file name="C:\Users\neilime\Documents\NetBeansProjects\zf2-twb-bundle/src/TwbBundle/View/Helper/TwbBundleAlert.php">
        <class name="TwbBundleAlert" namespace="TwbBundle\View\Helper">
          <metrics methods="2" coveredmethods="2" conditionals="0" coveredconditionals="0" statements="19" coveredstatements="19" elements="21" coveredelements="21"/>
        </class>
        <line num="21" type="method" name="__invoke" crap="4" count="3"/>
        <line num="22" type="stmt" count="3"/>
        <line num="23" type="stmt" count="3"/>
        <line num="24" type="stmt" count="3"/>
        <line num="35" type="method" name="render" crap="11" count="6"/>
        <line num="36" type="stmt" count="6"/>
        <line num="37" type="stmt" count="6"/>
        <line num="38" type="stmt" count="5"/>
        <line num="39" type="stmt" count="4"/>
        <line num="40" type="stmt" count="3"/>
        <line num="41" type="stmt" count="2"/>
        <line num="43" type="stmt" count="3"/>
        <line num="44" type="stmt" count="3"/>
        <line num="46" type="stmt" count="3"/>
        <line num="47" type="stmt" count="1"/>
        <line num="48" type="stmt" count="1"/>
        <line num="49" type="stmt" count="1"/>
        <line num="51" type="stmt" count="3"/>
        <line num="52" type="stmt" count="3"/>
        <line num="53" type="stmt" count="3"/>
        <line num="55" type="stmt" count="3"/>
        <line num="58" type="stmt" count="1"/>
        <metrics loc="57" ncloc="36" classes="1" methods="2" coveredmethods="2" conditionals="0" coveredconditionals="0" statements="19" coveredstatements="19" elements="21" coveredelements="21"/>
      </file>
      <file name="C:\Users\neilime\Documents\NetBeansProjects\zf2-twb-bundle/src/TwbBundle/View/Helper/TwbBundleBadge.php">
        <class name="TwbBundleBadge" namespace="TwbBundle\View\Helper">
          <metrics methods="2" coveredmethods="2" conditionals="0" coveredconditionals="0" statements="11" coveredstatements="11" elements="13" coveredelements="13"/>
        </class>
        <line num="15" type="method" name="__invoke" crap="2" count="1"/>
        <line num="16" type="stmt" count="1"/>
        <line num="17" type="stmt" count="1"/>
        <line num="27" type="method" name="render" crap="6" count="1"/>
        <line num="28" type="stmt" count="1"/>
        <line num="30" type="stmt" count="1"/>
        <line num="32" type="stmt" count="1"/>
        <line num="33" type="stmt" count="1"/>
        <line num="35" type="stmt" count="1"/>
        <line num="36" type="stmt" count="1"/>
        <line num="37" type="stmt" count="1"/>
        <line num="38" type="stmt" count="1"/>
        <line num="40" type="stmt" count="1"/>
        <line num="43" type="stmt" count="1"/>
        <metrics loc="42" ncloc="26" classes="1" methods="2" coveredmethods="2" conditionals="0" coveredconditionals="0" statements="11" coveredstatements="11" elements="13" coveredelements="13"/>
      </file>
      <file name="C:\Users\neilime\Documents\NetBeansProjects\zf2-twb-bundle/src/TwbBundle/View/Helper/TwbBundleDropdown.php">
        <class name="TwbBundleDropDown" namespace="TwbBundle\View\Helper">
          <metrics methods="5" coveredmethods="5" conditionals="0" coveredconditionals="0" statements="100" coveredstatements="100" elements="105" coveredelements="105"/>
        </class>
        <line num="39" type="method" name="__invoke" crap="2" count="10"/>
        <line num="40" type="stmt" count="10"/>
        <line num="49" type="method" name="render" crap="5" count="4"/>
        <line num="51" type="stmt" count="4"/>
        <line num="53" type="stmt" count="4"/>
        <line num="54" type="stmt" count="4"/>
        <line num="55" type="stmt" count="4"/>
        <line num="60" type="stmt" count="4"/>
        <line num="61" type="stmt" count="4"/>
        <line num="63" type="stmt" count="4"/>
        <line num="65" type="stmt" count="4"/>
        <line num="67" type="stmt" count="4"/>
        <line num="68" type="stmt" count="4"/>
        <line num="77" type="method" name="renderToggle" crap="13" count="7"/>
        <line num="79" type="stmt" count="7"/>
        <line num="80" type="stmt" count="4"/>
        <line num="81" type="stmt" count="4"/>
        <line num="86" type="stmt" count="7"/>
        <line num="88" type="stmt" count="3"/>
        <line num="89" type="stmt" count="2"/>
        <line num="91" type="stmt" count="1"/>
        <line num="92" type="stmt" count="1"/>
        <line num="97" type="stmt" count="6"/>
        <line num="100" type="stmt" count="6"/>
        <line num="103" type="stmt" count="6"/>
        <line num="106" type="stmt" count="6"/>
        <line num="108" type="stmt" count="6"/>
        <line num="109" type="stmt" count="6"/>
        <line num="110" type="stmt" count="6"/>
        <line num="111" type="stmt" count="6"/>
        <line num="113" type="stmt" count="6"/>
        <line num="114" type="stmt" count="6"/>
        <line num="116" type="stmt" count="6"/>
        <line num="118" type="stmt" count="6"/>
        <line num="119" type="stmt" count="6"/>
        <line num="128" type="method" name="renderListItems" crap="17" count="10"/>
        <line num="129" type="stmt" count="10"/>
        <line num="130" type="stmt" count="10"/>
        <line num="136" type="stmt" count="10"/>
        <line num="138" type="stmt" count="7"/>
        <line num="139" type="stmt" count="7"/>
        <line num="140" type="stmt" count="2"/>
        <line num="144" type="stmt" count="10"/>
        <line num="148" type="stmt" count="10"/>
        <line num="152" type="stmt" count="10"/>
        <line num="153" type="stmt" count="10"/>
        <line num="154" type="stmt" count="10"/>
        <line num="155" type="stmt" count="10"/>
        <line num="158" type="stmt" count="10"/>
        <line num="160" type="stmt" count="9"/>
        <line num="161" type="stmt" count="10"/>
        <line num="162" type="stmt" count="10"/>
        <line num="163" type="stmt" count="10"/>
        <line num="164" type="stmt" count="10"/>
        <line num="165" type="stmt" count="10"/>
        <line num="167" type="stmt" count="2"/>
        <line num="168" type="stmt" count="2"/>
        <line num="170" type="stmt" count="10"/>
        <line num="171" type="stmt" count="10"/>
        <line num="173" type="stmt" count="10"/>
        <line num="174" type="stmt" count="10"/>
        <line num="176" type="stmt" count="10"/>
        <line num="179" type="stmt" count="10"/>
        <line num="188" type="method" name="renderItem" crap="21" count="11"/>
        <line num="189" type="stmt" count="11"/>
        <line num="193" type="stmt" count="11"/>
        <line num="194" type="stmt" count="2"/>
        <line num="197" type="stmt" count="11"/>
        <line num="199" type="stmt" count="11"/>
        <line num="200" type="stmt" count="11"/>
        <line num="201" type="stmt" count="11"/>
        <line num="203" type="stmt" count="2"/>
        <line num="204" type="stmt" count="1"/>
        <line num="207" type="stmt" count="2"/>
        <line num="208" type="stmt" count="2"/>
        <line num="209" type="stmt" count="2"/>
        <line num="211" type="stmt" count="2"/>
        <line num="212" type="stmt" count="2"/>
        <line num="213" type="stmt" count="11"/>
        <line num="215" type="stmt" count="10"/>
        <line num="216" type="stmt" count="1"/>
        <line num="218" type="stmt" count="10"/>
        <line num="219" type="stmt" count="10"/>
        <line num="221" type="stmt" count="10"/>
        <line num="222" type="stmt" count="10"/>
        <line num="223" type="stmt" count="10"/>
        <line num="224" type="stmt" count="10"/>
        <line num="229" type="stmt" count="10"/>
        <line num="232" type="stmt" count="10"/>
        <line num="235" type="stmt" count="10"/>
        <line num="237" type="stmt" count="10"/>
        <line num="238" type="stmt" count="10"/>
        <line num="239" type="stmt" count="10"/>
        <line num="240" type="stmt" count="10"/>
        <line num="242" type="stmt" count="10"/>
        <line num="243" type="stmt" count="10"/>
        <line num="244" type="stmt" count="10"/>
        <line num="245" type="stmt" count="10"/>
        <line num="246" type="stmt" count="10"/>
        <line num="247" type="stmt" count="10"/>
        <line num="248" type="stmt" count="11"/>
        <line num="250" type="stmt" count="11"/>
        <line num="251" type="stmt" count="11"/>
        <line num="252" type="stmt" count="11"/>
        <line num="254" type="stmt" count="11"/>
        <metrics loc="255" ncloc="148" classes="1" methods="5" coveredmethods="5" conditionals="0" coveredconditionals="0" statements="100" coveredstatements="100" elements="105" coveredelements="105"/>
      </file>
      <file name="C:\Users\neilime\Documents\NetBeansProjects\zf2-twb-bundle/src/TwbBundle/View/Helper/TwbBundleGlyphicon.php">
        <class name="TwbBundleGlyphicon" namespace="TwbBundle\View\Helper">
          <metrics methods="2" coveredmethods="2" conditionals="0" coveredconditionals="0" statements="23" coveredstatements="23" elements="25" coveredelements="25"/>
        </class>
        <line num="15" type="method" name="__invoke" crap="2" count="5"/>
        <line num="16" type="stmt" count="5"/>
        <line num="17" type="stmt" count="1"/>
        <line num="19" type="stmt" count="4"/>
        <line num="29" type="method" name="render" crap="7" count="7"/>
        <line num="30" type="stmt" count="7"/>
        <line num="31" type="stmt" count="1"/>
        <line num="34" type="stmt" count="6"/>
        <line num="35" type="stmt" count="4"/>
        <line num="36" type="stmt" count="4"/>
        <line num="38" type="stmt" count="2"/>
        <line num="39" type="stmt" count="1"/>
        <line num="40" type="stmt" count="2"/>
        <line num="41" type="stmt" count="1"/>
        <line num="42" type="stmt" count="1"/>
        <line num="45" type="stmt" count="6"/>
        <line num="46" type="stmt" count="6"/>
        <line num="47" type="stmt" count="6"/>
        <line num="49" type="stmt" count="6"/>
        <line num="50" type="stmt" count="6"/>
        <line num="51" type="stmt" count="6"/>
        <line num="53" type="stmt" count="6"/>
        <line num="54" type="stmt" count="6"/>
        <line num="55" type="stmt" count="6"/>
        <line num="56" type="stmt" count="6"/>
        <line num="59" type="stmt" count="1"/>
        <metrics loc="58" ncloc="42" classes="1" methods="2" coveredmethods="2" conditionals="0" coveredconditionals="0" statements="23" coveredstatements="23" elements="25" coveredelements="25"/>
      </file>
      <file name="C:\Users\neilime\Documents\NetBeansProjects\zf2-twb-bundle/src/TwbBundle/View/Helper/TwbBundleLabel.php">
        <class name="TwbBundleLabel" namespace="TwbBundle\View\Helper">
          <metrics methods="2" coveredmethods="2" conditionals="0" coveredconditionals="0" statements="15" coveredstatements="15" elements="17" coveredelements="17"/>
        </class>
        <line num="27" type="method" name="__invoke" crap="2" count="1"/>
        <line num="28" type="stmt" count="1"/>
        <line num="29" type="stmt" count="1"/>
        <line num="39" type="method" name="render" crap="10" count="4"/>
        <line num="40" type="stmt" count="4"/>
        <line num="41" type="stmt" count="4"/>
        <line num="42" type="stmt" count="4"/>
        <line num="43" type="stmt" count="3"/>
        <line num="44" type="stmt" count="2"/>
        <line num="45" type="stmt" count="1"/>
        <line num="48" type="stmt" count="1"/>
        <line num="49" type="stmt" count="1"/>
        <line num="50" type="stmt" count="1"/>
        <line num="51" type="stmt" count="1"/>
        <line num="52" type="stmt" count="1"/>
        <line num="53" type="stmt" count="1"/>
        <line num="55" type="stmt" count="1"/>
        <line num="58" type="stmt" count="1"/>
        <metrics loc="57" ncloc="35" classes="1" methods="2" coveredmethods="2" conditionals="0" coveredconditionals="0" statements="15" coveredstatements="15" elements="17" coveredelements="17"/>
      </file>
    </package>
    <metrics files="18" loc="1596" ncloc="1075" classes="18" methods="41" coveredmethods="41" conditionals="0" coveredconditionals="0" statements="652" coveredstatements="652" elements="693" coveredelements="693"/>
  </project>
</coverage>
