<?xml version="1.0" encoding="UTF-8"?>
<coverage generated="1533384803">
  <project timestamp="1533384803">
    <file name="/home/shaun/Web-Projects/zf2-twb-bundle/Module.php">
      <line num="3" type="stmt" count="0"/>
      <metrics loc="3" ncloc="3" classes="0" methods="0" coveredmethods="0" conditionals="0" coveredconditionals="0" statements="1" coveredstatements="0" elements="1" coveredelements="0"/>
    </file>
    <package name="TwbBundle">
      <file name="/home/shaun/Web-Projects/zf2-twb-bundle/src/TwbBundle/ConfigProvider.php">
        <class name="ConfigProvider" namespace="TwbBundle">
          <metrics methods="4" coveredmethods="3" conditionals="0" coveredconditionals="0" statements="9" coveredstatements="8" elements="13" coveredelements="11"/>
        </class>
        <line num="34" type="method" name="__invoke" crap="2.02" count="1"/>
        <line num="36" type="stmt" count="1"/>
        <line num="37" type="stmt" count="0"/>
        <line num="40" type="stmt" count="1"/>
        <line num="43" type="stmt" count="1"/>
        <line num="44" type="stmt" count="1"/>
        <line num="45" type="stmt" count="1"/>
        <line num="54" type="method" name="getTwbBundleOptions" crap="2" count="1"/>
        <line num="56" type="stmt" count="1"/>
        <line num="64" type="method" name="getDependencies" crap="2" count="1"/>
        <line num="66" type="stmt" count="1"/>
        <line num="74" type="method" name="getViewHelpers" crap="2" count="1"/>
        <line num="76" type="stmt" count="1"/>
        <metrics loc="78" ncloc="39" classes="1" methods="4" coveredmethods="3" conditionals="0" coveredconditionals="0" statements="9" coveredstatements="8" elements="13" coveredelements="11"/>
      </file>
      <file name="/home/shaun/Web-Projects/zf2-twb-bundle/src/TwbBundle/Module.php">
        <class name="Module" namespace="TwbBundle">
          <metrics methods="2" coveredmethods="2" conditionals="0" coveredconditionals="0" statements="2" coveredstatements="2" elements="4" coveredelements="4"/>
        </class>
        <line num="11" type="method" name="getAutoloaderConfig" crap="1" count="1"/>
        <line num="14" type="stmt" count="1"/>
        <line num="22" type="method" name="getConfig" crap="1" count="1"/>
        <line num="23" type="stmt" count="1"/>
        <metrics loc="24" ncloc="17" classes="1" methods="2" coveredmethods="2" conditionals="0" coveredconditionals="0" statements="2" coveredstatements="2" elements="4" coveredelements="4"/>
      </file>
    </package>
    <package name="TwbBundle\Form\Element">
      <file name="/home/shaun/Web-Projects/zf2-twb-bundle/src/TwbBundle/Form/Element/StaticElement.php">
        <class name="StaticElement" namespace="TwbBundle\Form\Element">
          <metrics methods="0" coveredmethods="0" conditionals="0" coveredconditionals="0" statements="0" coveredstatements="0" elements="0" coveredelements="0"/>
        </class>
        <metrics loc="10" ncloc="6" classes="1" methods="0" coveredmethods="0" conditionals="0" coveredconditionals="0" statements="0" coveredstatements="0" elements="0" coveredelements="0"/>
      </file>
    </package>
    <package name="TwbBundle\Form\View\Helper\Factory">
      <file name="/home/shaun/Web-Projects/zf2-twb-bundle/src/TwbBundle/Form/View/Helper/Factory/TwbBundleFormElementFactory.php">
        <class name="TwbBundleFormElementFactory" namespace="TwbBundle\Form\View\Helper\Factory">
          <metrics methods="2" coveredmethods="1" conditionals="0" coveredconditionals="0" statements="6" coveredstatements="2" elements="8" coveredelements="3"/>
        </class>
        <line num="19" type="method" name="createService" crap="12" count="0"/>
        <line num="21" type="stmt" count="0"/>
        <line num="22" type="stmt" count="0"/>
        <line num="25" type="stmt" count="0"/>
        <line num="26" type="stmt" count="0"/>
        <line num="29" type="method" name="__invoke" crap="1" count="2"/>
        <line num="31" type="stmt" count="2"/>
        <line num="32" type="stmt" count="2"/>
        <metrics loc="34" ncloc="28" classes="1" methods="2" coveredmethods="1" conditionals="0" coveredconditionals="0" statements="6" coveredstatements="2" elements="8" coveredelements="3"/>
      </file>
    </package>
    <package name="TwbBundle\Form\View\Helper">
      <file name="/home/shaun/Web-Projects/zf2-twb-bundle/src/TwbBundle/Form/View/Helper/TwbBundleForm.php">
        <class name="TwbBundleForm" namespace="TwbBundle\Form\View\Helper">
          <metrics methods="5" coveredmethods="5" conditionals="0" coveredconditionals="0" statements="54" coveredstatements="54" elements="59" coveredelements="59"/>
        </class>
        <line num="40" type="method" name="__invoke" crap="2" count="14"/>
        <line num="42" type="stmt" count="14"/>
        <line num="43" type="stmt" count="13"/>
        <line num="45" type="stmt" count="1"/>
        <line num="46" type="stmt" count="1"/>
        <line num="56" type="method" name="render" crap="3" count="14"/>
        <line num="59" type="stmt" count="14"/>
        <line num="60" type="stmt" count="14"/>
        <line num="63" type="stmt" count="14"/>
        <line num="66" type="stmt" count="14"/>
        <line num="67" type="stmt" count="14"/>
        <line num="70" type="stmt" count="14"/>
        <line num="78" type="method" name="renderElements" crap="16" count="14"/>
        <line num="81" type="stmt" count="14"/>
        <line num="84" type="stmt" count="14"/>
        <line num="87" type="stmt" count="14"/>
        <line num="90" type="stmt" count="14"/>
        <line num="93" type="stmt" count="14"/>
        <line num="96" type="stmt" count="14"/>
        <line num="99" type="stmt" count="14"/>
        <line num="102" type="stmt" count="14"/>
        <line num="105" type="stmt" count="14"/>
        <line num="106" type="stmt" count="13"/>
        <line num="107" type="stmt" count="13"/>
        <line num="108" type="stmt" count="6"/>
        <line num="111" type="stmt" count="13"/>
        <line num="112" type="stmt" count="9"/>
        <line num="116" type="stmt" count="13"/>
        <line num="117" type="stmt" count="2"/>
        <line num="118" type="stmt" count="2"/>
        <line num="119" type="stmt" count="2"/>
        <line num="121" type="stmt" count="2"/>
        <line num="122" type="stmt" count="2"/>
        <line num="124" type="stmt" count="2"/>
        <line num="126" type="stmt" count="2"/>
        <line num="128" type="stmt" count="13"/>
        <line num="129" type="stmt" count="1"/>
        <line num="131" type="stmt" count="13"/>
        <line num="136" type="stmt" count="14"/>
        <line num="137" type="stmt" count="14"/>
        <line num="139" type="stmt" count="13"/>
        <line num="140" type="stmt" count="2"/>
        <line num="143" type="stmt" count="2"/>
        <line num="144" type="stmt" count="2"/>
        <line num="146" type="stmt" count="13"/>
        <line num="150" type="stmt" count="14"/>
        <line num="151" type="stmt" count="1"/>
        <line num="153" type="stmt" count="14"/>
        <line num="162" type="method" name="setFormClass" crap="4" count="14"/>
        <line num="164" type="stmt" count="14"/>
        <line num="165" type="stmt" count="10"/>
        <line num="166" type="stmt" count="10"/>
        <line num="167" type="stmt" count="2"/>
        <line num="168" type="stmt" count="2"/>
        <line num="171" type="stmt" count="9"/>
        <line num="174" type="stmt" count="14"/>
        <line num="182" type="method" name="openTag" crap="1" count="14"/>
        <line num="184" type="stmt" count="14"/>
        <line num="185" type="stmt" count="14"/>
        <metrics loc="187" ncloc="110" classes="1" methods="5" coveredmethods="5" conditionals="0" coveredconditionals="0" statements="54" coveredstatements="54" elements="59" coveredelements="59"/>
      </file>
      <file name="/home/shaun/Web-Projects/zf2-twb-bundle/src/TwbBundle/Form/View/Helper/TwbBundleFormButton.php">
        <class name="TwbBundleFormButton" namespace="TwbBundle\Form\View\Helper">
          <metrics methods="1" coveredmethods="0" conditionals="0" coveredconditionals="0" statements="93" coveredstatements="90" elements="94" coveredelements="90"/>
        </class>
        <line num="53" type="method" name="render" crap="41" count="34"/>
        <line num="55" type="stmt" count="34"/>
        <line num="56" type="stmt" count="11"/>
        <line num="57" type="stmt" count="11"/>
        <line num="60" type="stmt" count="11"/>
        <line num="61" type="stmt" count="1"/>
        <line num="63" type="stmt" count="10"/>
        <line num="64" type="stmt" count="10"/>
        <line num="65" type="stmt" count="10"/>
        <line num="66" type="stmt" count="8"/>
        <line num="67" type="stmt" count="10"/>
        <line num="70" type="stmt" count="10"/>
        <line num="71" type="stmt" count="5"/>
        <line num="74" type="stmt" count="11"/>
        <line num="76" type="stmt" count="29"/>
        <line num="80" type="stmt" count="34"/>
        <line num="81" type="stmt" count="7"/>
        <line num="82" type="stmt" count="27"/>
        <line num="83" type="stmt" count="1"/>
        <line num="89" type="stmt" count="34"/>
        <line num="90" type="stmt" count="34"/>
        <line num="92" type="stmt" count="34"/>
        <line num="93" type="stmt" count="8"/>
        <line num="96" type="stmt" count="34"/>
        <line num="97" type="stmt" count="1"/>
        <line num="99" type="stmt" count="1"/>
        <line num="100" type="stmt" count="1"/>
        <line num="104" type="stmt" count="33"/>
        <line num="105" type="stmt" count="0"/>
        <line num="106" type="stmt" count="0"/>
        <line num="107" type="stmt" count="0"/>
        <line num="112" type="stmt" count="33"/>
        <line num="113" type="stmt" count="33"/>
        <line num="114" type="stmt" count="33"/>
        <line num="120" type="stmt" count="33"/>
        <line num="121" type="stmt" count="8"/>
        <line num="123" type="stmt" count="1"/>
        <line num="124" type="stmt" count="1"/>
        <line num="128" type="stmt" count="8"/>
        <line num="129" type="stmt" count="1"/>
        <line num="130" type="stmt" count="1"/>
        <line num="131" type="stmt" count="1"/>
        <line num="135" type="stmt" count="7"/>
        <line num="137" type="stmt" count="7"/>
        <line num="138" type="stmt" count="4"/>
        <line num="141" type="stmt" count="7"/>
        <line num="142" type="stmt" count="7"/>
        <line num="145" type="stmt" count="7"/>
        <line num="146" type="stmt" count="1"/>
        <line num="147" type="stmt" count="1"/>
        <line num="148" type="stmt" count="1"/>
        <line num="150" type="stmt" count="6"/>
        <line num="151" type="stmt" count="1"/>
        <line num="152" type="stmt" count="1"/>
        <line num="153" type="stmt" count="1"/>
        <line num="155" type="stmt" count="5"/>
        <line num="156" type="stmt" count="1"/>
        <line num="157" type="stmt" count="1"/>
        <line num="158" type="stmt" count="1"/>
        <line num="162" type="stmt" count="4"/>
        <line num="163" type="stmt" count="2"/>
        <line num="164" type="stmt" count="1"/>
        <line num="165" type="stmt" count="1"/>
        <line num="166" type="stmt" count="1"/>
        <line num="167" type="stmt" count="1"/>
        <line num="169" type="stmt" count="1"/>
        <line num="170" type="stmt" count="1"/>
        <line num="171" type="stmt" count="2"/>
        <line num="175" type="stmt" count="3"/>
        <line num="176" type="stmt" count="3"/>
        <line num="177" type="stmt" count="3"/>
        <line num="185" type="stmt" count="29"/>
        <line num="186" type="stmt" count="9"/>
        <line num="187" type="stmt" count="1"/>
        <line num="188" type="stmt" count="1"/>
        <line num="189" type="stmt" count="1"/>
        <line num="193" type="stmt" count="8"/>
        <line num="197" type="stmt" count="5"/>
        <line num="198" type="stmt" count="5"/>
        <line num="204" type="stmt" count="5"/>
        <line num="205" type="stmt" count="5"/>
        <line num="206" type="stmt" count="5"/>
        <line num="207" type="stmt" count="5"/>
        <line num="212" type="stmt" count="3"/>
        <line num="213" type="stmt" count="3"/>
        <line num="214" type="stmt" count="3"/>
        <line num="215" type="stmt" count="3"/>
        <line num="221" type="stmt" count="8"/>
        <line num="222" type="stmt" count="2"/>
        <line num="228" type="stmt" count="6"/>
        <line num="229" type="stmt" count="6"/>
        <line num="231" type="stmt" count="6"/>
        <line num="233" type="stmt" count="6"/>
        <line num="237" type="stmt" count="22"/>
        <metrics loc="239" ncloc="184" classes="1" methods="1" coveredmethods="0" conditionals="0" coveredconditionals="0" statements="93" coveredstatements="90" elements="94" coveredelements="90"/>
      </file>
      <file name="/home/shaun/Web-Projects/zf2-twb-bundle/src/TwbBundle/Form/View/Helper/TwbBundleFormCheckbox.php">
        <class name="TwbBundleFormCheckbox" namespace="TwbBundle\Form\View\Helper">
          <metrics methods="4" coveredmethods="2" conditionals="0" coveredconditionals="0" statements="55" coveredstatements="52" elements="59" coveredelements="54"/>
        </class>
        <line num="29" type="method" name="render" crap="12" count="12"/>
        <line num="31" type="stmt" count="12"/>
        <line num="32" type="stmt" count="1"/>
        <line num="35" type="stmt" count="11"/>
        <line num="36" type="stmt" count="1"/>
        <line num="37" type="stmt" count="1"/>
        <line num="38" type="stmt" count="1"/>
        <line num="41" type="stmt" count="10"/>
        <line num="42" type="stmt" count="1"/>
        <line num="43" type="stmt" count="1"/>
        <line num="44" type="stmt" count="1"/>
        <line num="48" type="stmt" count="9"/>
        <line num="49" type="stmt" count="9"/>
        <line num="50" type="stmt" count="9"/>
        <line num="51" type="stmt" count="9"/>
        <line num="52" type="stmt" count="9"/>
        <line num="54" type="stmt" count="9"/>
        <line num="55" type="stmt" count="1"/>
        <line num="59" type="stmt" count="9"/>
        <line num="60" type="stmt" count="9"/>
        <line num="61" type="stmt" count="9"/>
        <line num="62" type="stmt" count="8"/>
        <line num="63" type="stmt" count="8"/>
        <line num="64" type="stmt" count="8"/>
        <line num="68" type="stmt" count="9"/>
        <line num="71" type="stmt" count="9"/>
        <line num="73" type="stmt" count="1"/>
        <line num="74" type="stmt" count="1"/>
        <line num="75" type="stmt" count="1"/>
        <line num="78" type="stmt" count="8"/>
        <line num="79" type="stmt" count="8"/>
        <line num="80" type="stmt" count="8"/>
        <line num="84" type="stmt" count="9"/>
        <line num="85" type="stmt" count="9"/>
        <line num="86" type="stmt" count="9"/>
        <line num="87" type="stmt" count="9"/>
        <line num="88" type="stmt" count="9"/>
        <line num="89" type="stmt" count="9"/>
        <line num="91" type="stmt" count="9"/>
        <line num="92" type="stmt" count="9"/>
        <line num="94" type="stmt" count="9"/>
        <line num="101" type="method" name="getLabelContent" crap="4.13" count="9"/>
        <line num="102" type="stmt" count="9"/>
        <line num="103" type="stmt" count="9"/>
        <line num="104" type="stmt" count="8"/>
        <line num="105" type="stmt" count="0"/>
        <line num="108" type="stmt" count="9"/>
        <line num="115" type="method" name="getLabelPosition" crap="2" count="9"/>
        <line num="117" type="stmt" count="9"/>
        <line num="124" type="method" name="getLabelHelper" crap="5.27" count="8"/>
        <line num="126" type="stmt" count="8"/>
        <line num="127" type="stmt" count="7"/>
        <line num="129" type="stmt" count="1"/>
        <line num="130" type="stmt" count="1"/>
        <line num="132" type="stmt" count="1"/>
        <line num="133" type="stmt" count="0"/>
        <line num="135" type="stmt" count="1"/>
        <line num="136" type="stmt" count="0"/>
        <line num="138" type="stmt" count="1"/>
        <metrics loc="140" ncloc="109" classes="1" methods="4" coveredmethods="2" conditionals="0" coveredconditionals="0" statements="55" coveredstatements="52" elements="59" coveredelements="54"/>
      </file>
      <file name="/home/shaun/Web-Projects/zf2-twb-bundle/src/TwbBundle/Form/View/Helper/TwbBundleFormCollection.php">
        <class name="TwbBundleFormCollection" namespace="TwbBundle\Form\View\Helper">
          <metrics methods="2" coveredmethods="0" conditionals="0" coveredconditionals="0" statements="44" coveredstatements="40" elements="46" coveredelements="40"/>
        </class>
        <line num="34" type="method" name="render" crap="21" count="5"/>
        <line num="36" type="stmt" count="5"/>
        <line num="37" type="stmt" count="5"/>
        <line num="38" type="stmt" count="1"/>
        <line num="41" type="stmt" count="4"/>
        <line num="43" type="stmt" count="4"/>
        <line num="44" type="stmt" count="4"/>
        <line num="45" type="stmt" count="4"/>
        <line num="46" type="stmt" count="4"/>
        <line num="47" type="stmt" count="4"/>
        <line num="49" type="stmt" count="4"/>
        <line num="50" type="stmt" count="2"/>
        <line num="51" type="stmt" count="2"/>
        <line num="52" type="stmt" count="2"/>
        <line num="53" type="stmt" count="2"/>
        <line num="56" type="stmt" count="2"/>
        <line num="57" type="stmt" count="1"/>
        <line num="58" type="stmt" count="2"/>
        <line num="59" type="stmt" count="2"/>
        <line num="60" type="stmt" count="0"/>
        <line num="63" type="stmt" count="2"/>
        <line num="65" type="stmt" count="2"/>
        <line num="66" type="stmt" count="2"/>
        <line num="70" type="stmt" count="4"/>
        <line num="71" type="stmt" count="1"/>
        <line num="75" type="stmt" count="4"/>
        <line num="76" type="stmt" count="4"/>
        <line num="77" type="stmt" count="1"/>
        <line num="78" type="stmt" count="0"/>
        <line num="81" type="stmt" count="1"/>
        <line num="82" type="stmt" count="1"/>
        <line num="83" type="stmt" count="1"/>
        <line num="87" type="stmt" count="4"/>
        <line num="88" type="stmt" count="2"/>
        <line num="89" type="stmt" count="2"/>
        <line num="90" type="stmt" count="1"/>
        <line num="91" type="stmt" count="1"/>
        <line num="94" type="stmt" count="1"/>
        <line num="98" type="stmt" count="4"/>
        <line num="99" type="stmt" count="4"/>
        <line num="102" type="stmt" count="4"/>
        <line num="111" type="method" name="renderTemplate" crap="2.50" count="1"/>
        <line num="113" type="stmt" count="1"/>
        <line num="114" type="stmt" count="0"/>
        <line num="115" type="stmt" count="0"/>
        <line num="118" type="stmt" count="1"/>
        <metrics loc="120" ncloc="97" classes="1" methods="2" coveredmethods="0" conditionals="0" coveredconditionals="0" statements="44" coveredstatements="40" elements="46" coveredelements="40"/>
      </file>
      <file name="/home/shaun/Web-Projects/zf2-twb-bundle/src/TwbBundle/Form/View/Helper/TwbBundleFormElement.php">
        <class name="TwbBundleFormElement" namespace="TwbBundle\Form\View\Helper">
          <metrics methods="10" coveredmethods="9" conditionals="0" coveredconditionals="0" statements="82" coveredstatements="81" elements="92" coveredelements="90"/>
        </class>
        <line num="70" type="method" name="__construct" crap="3" count="2"/>
        <line num="72" type="stmt" count="2"/>
        <line num="73" type="stmt" count="2"/>
        <line num="75" type="stmt" count="2"/>
        <line num="76" type="stmt" count="2"/>
        <line num="78" type="stmt" count="2"/>
        <line num="86" type="method" name="render" crap="12" count="41"/>
        <line num="89" type="stmt" count="41"/>
        <line num="90" type="stmt" count="41"/>
        <line num="91" type="stmt" count="41"/>
        <line num="93" type="stmt" count="31"/>
        <line num="94" type="stmt" count="8"/>
        <line num="95" type="stmt" count="8"/>
        <line num="98" type="stmt" count="28"/>
        <line num="102" type="stmt" count="41"/>
        <line num="105" type="stmt" count="41"/>
        <line num="106" type="stmt" count="6"/>
        <line num="110" type="stmt" count="41"/>
        <line num="111" type="stmt" count="4"/>
        <line num="114" type="stmt" count="41"/>
        <line num="115" type="stmt" count="6"/>
        <line num="117" type="stmt" count="6"/>
        <line num="118" type="stmt" count="6"/>
        <line num="119" type="stmt" count="1"/>
        <line num="120" type="stmt" count="6"/>
        <line num="121" type="stmt" count="1"/>
        <line num="124" type="stmt" count="6"/>
        <line num="125" type="stmt" count="6"/>
        <line num="126" type="stmt" count="6"/>
        <line num="127" type="stmt" count="6"/>
        <line num="130" type="stmt" count="39"/>
        <line num="140" type="method" name="renderAddOn" crap="17" count="11"/>
        <line num="142" type="stmt" count="11"/>
        <line num="143" type="stmt" count="1"/>
        <line num="145" type="stmt" count="10"/>
        <line num="146" type="stmt" count="4"/>
        <line num="147" type="stmt" count="6"/>
        <line num="148" type="stmt" count="2"/>
        <line num="149" type="stmt" count="4"/>
        <line num="150" type="stmt" count="1"/>
        <line num="151" type="stmt" count="1"/>
        <line num="152" type="stmt" count="1"/>
        <line num="156" type="stmt" count="9"/>
        <line num="157" type="stmt" count="9"/>
        <line num="158" type="stmt" count="9"/>
        <line num="159" type="stmt" count="9"/>
        <line num="160" type="stmt" count="3"/>
        <line num="161" type="stmt" count="1"/>
        <line num="162" type="stmt" count="1"/>
        <line num="163" type="stmt" count="1"/>
        <line num="165" type="stmt" count="2"/>
        <line num="166" type="stmt" count="0"/>
        <line num="168" type="stmt" count="2"/>
        <line num="170" type="stmt" count="2"/>
        <line num="171" type="stmt" count="6"/>
        <line num="172" type="stmt" count="6"/>
        <line num="173" type="stmt" count="5"/>
        <line num="174" type="stmt" count="6"/>
        <line num="176" type="stmt" count="1"/>
        <line num="177" type="stmt" count="1"/>
        <line num="178" type="stmt" count="5"/>
        <line num="179" type="stmt" count="1"/>
        <line num="180" type="stmt" count="1"/>
        <line num="181" type="stmt" count="1"/>
        <line num="185" type="stmt" count="5"/>
        <line num="186" type="stmt" count="5"/>
        <line num="187" type="stmt" count="5"/>
        <line num="190" type="stmt" count="5"/>
        <line num="193" type="stmt" count="5"/>
        <line num="194" type="stmt" count="3"/>
        <line num="195" type="stmt" count="3"/>
        <line num="197" type="stmt" count="2"/>
        <line num="201" type="stmt" count="7"/>
        <line num="211" type="method" name="setTranslator" crap="2" count="1"/>
        <line num="213" type="stmt" count="1"/>
        <line num="214" type="stmt" count="1"/>
        <line num="215" type="stmt" count="1"/>
        <line num="217" type="stmt" count="1"/>
        <line num="225" type="method" name="getTranslator" crap="2" count="4"/>
        <line num="227" type="stmt" count="4"/>
        <line num="235" type="method" name="hasTranslator" crap="1" count="2"/>
        <line num="237" type="stmt" count="2"/>
        <line num="246" type="method" name="setTranslatorEnabled" crap="1" count="1"/>
        <line num="248" type="stmt" count="1"/>
        <line num="249" type="stmt" count="1"/>
        <line num="257" type="method" name="isTranslatorEnabled" crap="1" count="5"/>
        <line num="259" type="stmt" count="5"/>
        <line num="268" type="method" name="setTranslatorTextDomain" crap="1" count="2"/>
        <line num="270" type="stmt" count="2"/>
        <line num="271" type="stmt" count="2"/>
        <line num="279" type="method" name="getTranslatorTextDomain" crap="1" count="2"/>
        <line num="281" type="stmt" count="2"/>
        <metrics loc="283" ncloc="195" classes="1" methods="10" coveredmethods="9" conditionals="0" coveredconditionals="0" statements="82" coveredstatements="81" elements="92" coveredelements="90"/>
      </file>
      <file name="/home/shaun/Web-Projects/zf2-twb-bundle/src/TwbBundle/Form/View/Helper/TwbBundleFormElementErrors.php">
        <class name="TwbBundleFormElementErrors" namespace="TwbBundle\Form\View\Helper">
          <metrics methods="0" coveredmethods="0" conditionals="0" coveredconditionals="0" statements="0" coveredstatements="0" elements="0" coveredelements="0"/>
        </class>
        <metrics loc="11" ncloc="11" classes="1" methods="0" coveredmethods="0" conditionals="0" coveredconditionals="0" statements="0" coveredstatements="0" elements="0" coveredelements="0"/>
      </file>
      <file name="/home/shaun/Web-Projects/zf2-twb-bundle/src/TwbBundle/Form/View/Helper/TwbBundleFormErrors.php">
        <class name="TwbBundleFormErrors" namespace="TwbBundle\Form\View\Helper">
          <metrics methods="3" coveredmethods="3" conditionals="0" coveredconditionals="0" statements="22" coveredstatements="22" elements="25" coveredelements="25"/>
        </class>
        <line num="23" type="method" name="__invoke" crap="5" count="3"/>
        <line num="25" type="stmt" count="3"/>
        <line num="26" type="stmt" count="3"/>
        <line num="29" type="stmt" count="2"/>
        <line num="30" type="stmt" count="2"/>
        <line num="33" type="stmt" count="2"/>
        <line num="35" type="stmt" count="1"/>
        <line num="38" type="stmt" count="1"/>
        <line num="46" type="method" name="render" crap="4" count="1"/>
        <line num="48" type="stmt" count="1"/>
        <line num="50" type="stmt" count="1"/>
        <line num="52" type="stmt" count="1"/>
        <line num="53" type="stmt" count="1"/>
        <line num="54" type="stmt" count="1"/>
        <line num="55" type="stmt" count="1"/>
        <line num="56" type="stmt" count="1"/>
        <line num="57" type="stmt" count="1"/>
        <line num="58" type="stmt" count="1"/>
        <line num="61" type="stmt" count="1"/>
        <line num="66" type="stmt" count="1"/>
        <line num="68" type="stmt" count="1"/>
        <line num="69" type="stmt" count="1"/>
        <line num="70" type="stmt" count="1"/>
        <line num="80" type="method" name="dangerAlert" crap="1" count="1"/>
        <line num="82" type="stmt" count="1"/>
        <metrics loc="84" ncloc="66" classes="1" methods="3" coveredmethods="3" conditionals="0" coveredconditionals="0" statements="22" coveredstatements="22" elements="25" coveredelements="25"/>
      </file>
      <file name="/home/shaun/Web-Projects/zf2-twb-bundle/src/TwbBundle/Form/View/Helper/TwbBundleFormMultiCheckbox.php">
        <class name="TwbBundleFormMultiCheckbox" namespace="TwbBundle\Form\View\Helper">
          <metrics methods="1" coveredmethods="1" conditionals="0" coveredconditionals="0" statements="8" coveredstatements="8" elements="9" coveredelements="9"/>
        </class>
        <line num="15" type="method" name="render" crap="3" count="3"/>
        <line num="17" type="stmt" count="3"/>
        <line num="20" type="stmt" count="3"/>
        <line num="21" type="stmt" count="2"/>
        <line num="22" type="stmt" count="2"/>
        <line num="24" type="stmt" count="2"/>
        <line num="27" type="stmt" count="2"/>
        <line num="28" type="stmt" count="2"/>
        <line num="30" type="stmt" count="2"/>
        <metrics loc="32" ncloc="25" classes="1" methods="1" coveredmethods="1" conditionals="0" coveredconditionals="0" statements="8" coveredstatements="8" elements="9" coveredelements="9"/>
      </file>
      <file name="/home/shaun/Web-Projects/zf2-twb-bundle/src/TwbBundle/Form/View/Helper/TwbBundleFormRadio.php">
        <class name="TwbBundleFormRadio" namespace="TwbBundle\Form\View\Helper">
          <metrics methods="2" coveredmethods="0" conditionals="0" coveredconditionals="0" statements="67" coveredstatements="55" elements="69" coveredelements="55"/>
        </class>
        <line num="28" type="method" name="render" crap="10.64" count="3"/>
        <line num="30" type="stmt" count="3"/>
        <line num="32" type="stmt" count="3"/>
        <line num="33" type="stmt" count="1"/>
        <line num="34" type="stmt" count="1"/>
        <line num="35" type="stmt" count="1"/>
        <line num="36" type="stmt" count="1"/>
        <line num="37" type="stmt" count="1"/>
        <line num="40" type="stmt" count="2"/>
        <line num="41" type="stmt" count="1"/>
        <line num="42" type="stmt" count="1"/>
        <line num="43" type="stmt" count="1"/>
        <line num="44" type="stmt" count="1"/>
        <line num="45" type="stmt" count="1"/>
        <line num="46" type="stmt" count="1"/>
        <line num="49" type="stmt" count="2"/>
        <line num="51" type="stmt" count="0"/>
        <line num="52" type="stmt" count="0"/>
        <line num="53" type="stmt" count="0"/>
        <line num="56" type="stmt" count="0"/>
        <line num="57" type="stmt" count="0"/>
        <line num="59" type="stmt" count="0"/>
        <line num="62" type="stmt" count="2"/>
        <line num="73" type="method" name="renderOptions" crap="29.86" count="6"/>
        <line num="79" type="stmt" count="6"/>
        <line num="80" type="stmt" count="6"/>
        <line num="81" type="stmt" count="6"/>
        <line num="82" type="stmt" count="6"/>
        <line num="83" type="stmt" count="6"/>
        <line num="84" type="stmt" count="6"/>
        <line num="85" type="stmt" count="6"/>
        <line num="86" type="stmt" count="6"/>
        <line num="89" type="stmt" count="6"/>
        <line num="90" type="stmt" count="6"/>
        <line num="91" type="stmt" count="2"/>
        <line num="95" type="stmt" count="6"/>
        <line num="96" type="stmt" count="6"/>
        <line num="97" type="stmt" count="1"/>
        <line num="101" type="stmt" count="6"/>
        <line num="104" type="stmt" count="6"/>
        <line num="105" type="stmt" count="3"/>
        <line num="106" type="stmt" count="5"/>
        <line num="107" type="stmt" count="1"/>
        <line num="109" type="stmt" count="4"/>
        <line num="113" type="stmt" count="6"/>
        <line num="114" type="stmt" count="1"/>
        <line num="116" type="stmt" count="6"/>
        <line num="120" type="stmt" count="6"/>
        <line num="123" type="stmt" count="6"/>
        <line num="124" type="stmt" count="6"/>
        <line num="125" type="stmt" count="5"/>
        <line num="126" type="stmt" count="5"/>
        <line num="127" type="stmt" count="0"/>
        <line num="128" type="stmt" count="0"/>
        <line num="132" type="stmt" count="5"/>
        <line num="133" type="stmt" count="1"/>
        <line num="136" type="stmt" count="5"/>
        <line num="137" type="stmt" count="0"/>
        <line num="140" type="stmt" count="5"/>
        <line num="141" type="stmt" count="5"/>
        <line num="144" type="stmt" count="5"/>
        <line num="145" type="stmt" count="5"/>
        <line num="146" type="stmt" count="5"/>
        <line num="147" type="stmt" count="5"/>
        <line num="148" type="stmt" count="0"/>
        <line num="150" type="stmt" count="0"/>
        <line num="151" type="stmt" count="0"/>
        <line num="154" type="stmt" count="6"/>
        <line num="156" type="stmt" count="6"/>
        <metrics loc="158" ncloc="126" classes="1" methods="2" coveredmethods="0" conditionals="0" coveredconditionals="0" statements="67" coveredstatements="55" elements="69" coveredelements="55"/>
      </file>
      <file name="/home/shaun/Web-Projects/zf2-twb-bundle/src/TwbBundle/Form/View/Helper/TwbBundleFormRow.php">
        <class name="TwbBundleFormRow" namespace="TwbBundle\Form\View\Helper">
          <metrics methods="6" coveredmethods="1" conditionals="0" coveredconditionals="0" statements="124" coveredstatements="113" elements="130" coveredelements="114"/>
        </class>
        <line num="51" type="method" name="render" crap="14" count="25"/>
        <line num="54" type="stmt" count="25"/>
        <line num="57" type="stmt" count="25"/>
        <line num="58" type="stmt" count="1"/>
        <line num="62" type="stmt" count="24"/>
        <line num="65" type="stmt" count="24"/>
        <line num="66" type="stmt" count="1"/>
        <line num="70" type="stmt" count="24"/>
        <line num="71" type="stmt" count="1"/>
        <line num="72" type="stmt" count="1"/>
        <line num="73" type="stmt" count="1"/>
        <line num="74" type="stmt" count="1"/>
        <line num="75" type="stmt" count="1"/>
        <line num="76" type="stmt" count="1"/>
        <line num="81" type="stmt" count="23"/>
        <line num="83" type="stmt" count="4"/>
        <line num="84" type="stmt" count="3"/>
        <line num="85" type="stmt" count="1"/>
        <line num="86" type="stmt" count="1"/>
        <line num="89" type="stmt" count="2"/>
        <line num="95" type="stmt" count="23"/>
        <line num="100" type="stmt" count="23"/>
        <line num="102" type="stmt" count="22"/>
        <line num="103" type="stmt" count="5"/>
        <line num="106" type="stmt" count="22"/>
        <line num="114" type="method" name="getRowClassFromElement" crap="9.06" count="22"/>
        <line num="116" type="stmt" count="22"/>
        <line num="117" type="stmt" count="22"/>
        <line num="118" type="stmt" count="0"/>
        <line num="122" type="stmt" count="22"/>
        <line num="123" type="stmt" count="1"/>
        <line num="125" type="stmt" count="22"/>
        <line num="126" type="stmt" count="4"/>
        <line num="128" type="stmt" count="22"/>
        <line num="129" type="stmt" count="1"/>
        <line num="133" type="stmt" count="22"/>
        <line num="135" type="stmt" count="2"/>
        <line num="140" type="stmt" count="22"/>
        <line num="141" type="stmt" count="1"/>
        <line num="143" type="stmt" count="22"/>
        <line num="154" type="method" name="renderElementFormGroup" crap="12.00" count="22"/>
        <line num="156" type="stmt" count="22"/>
        <line num="157" type="stmt" count="0"/>
        <line num="159" type="stmt" count="22"/>
        <line num="160" type="stmt" count="0"/>
        <line num="162" type="stmt" count="22"/>
        <line num="163" type="stmt" count="0"/>
        <line num="165" type="stmt" count="22"/>
        <line num="166" type="stmt" count="1"/>
        <line num="168" type="stmt" count="22"/>
        <line num="176" type="method" name="renderLabel" crap="3.33" count="28"/>
        <line num="178" type="stmt" count="28"/>
        <line num="179" type="stmt" count="0"/>
        <line num="181" type="stmt" count="28"/>
        <line num="191" type="method" name="renderElement" crap="39.58" count="27"/>
        <line num="194" type="stmt" count="27"/>
        <line num="197" type="stmt" count="27"/>
        <line num="198" type="stmt" count="4"/>
        <line num="202" type="stmt" count="27"/>
        <line num="203" type="stmt" count="27"/>
        <line num="209" type="stmt" count="20"/>
        <line num="212" type="stmt" count="20"/>
        <line num="213" type="stmt" count="4"/>
        <line num="215" type="stmt" count="20"/>
        <line num="218" type="stmt" count="20"/>
        <line num="219" type="stmt" count="4"/>
        <line num="220" type="stmt" count="2"/>
        <line num="221" type="stmt" count="2"/>
        <line num="222" type="stmt" count="2"/>
        <line num="226" type="stmt" count="20"/>
        <line num="229" type="stmt" count="20"/>
        <line num="230" type="stmt" count="2"/>
        <line num="231" type="stmt" count="2"/>
        <line num="232" type="stmt" count="2"/>
        <line num="233" type="stmt" count="1"/>
        <line num="234" type="stmt" count="2"/>
        <line num="235" type="stmt" count="1"/>
        <line num="239" type="stmt" count="2"/>
        <line num="241" type="stmt" count="18"/>
        <line num="242" type="stmt" count="8"/>
        <line num="243" type="stmt" count="8"/>
        <line num="244" type="stmt" count="1"/>
        <line num="246" type="stmt" count="7"/>
        <line num="247" type="stmt" count="6"/>
        <line num="251" type="stmt" count="8"/>
        <line num="253" type="stmt" count="20"/>
        <line num="254" type="stmt" count="15"/>
        <line num="257" type="stmt" count="20"/>
        <line num="258" type="stmt" count="20"/>
        <line num="263" type="stmt" count="20"/>
        <line num="264" type="stmt" count="20"/>
        <line num="270" type="stmt" count="27"/>
        <line num="271" type="stmt" count="27"/>
        <line num="272" type="stmt" count="27"/>
        <line num="274" type="stmt" count="0"/>
        <line num="278" type="stmt" count="27"/>
        <line num="279" type="stmt" count="14"/>
        <line num="281" type="stmt" count="19"/>
        <line num="284" type="stmt" count="19"/>
        <line num="285" type="stmt" count="5"/>
        <line num="287" type="stmt" count="18"/>
        <line num="288" type="stmt" count="18"/>
        <line num="290" type="stmt" count="0"/>
        <line num="295" type="stmt" count="19"/>
        <line num="298" type="stmt" count="19"/>
        <line num="299" type="stmt" count="19"/>
        <line num="302" type="stmt" count="19"/>
        <line num="304" type="stmt" count="10"/>
        <line num="305" type="stmt" count="9"/>
        <line num="308" type="stmt" count="9"/>
        <line num="309" type="stmt" count="9"/>
        <line num="312" type="stmt" count="9"/>
        <line num="315" type="stmt" count="9"/>
        <line num="316" type="stmt" count="6"/>
        <line num="320" type="stmt" count="9"/>
        <line num="321" type="stmt" count="3"/>
        <line num="322" type="stmt" count="3"/>
        <line num="326" type="stmt" count="9"/>
        <line num="327" type="stmt" count="9"/>
        <line num="328" type="stmt" count="9"/>
        <line num="331" type="stmt" count="0"/>
        <line num="332" type="stmt" count="0"/>
        <line num="333" type="stmt" count="0"/>
        <line num="336" type="stmt" count="1"/>
        <line num="344" type="method" name="renderHelpBlock" crap="4.03" count="26"/>
        <line num="346" type="stmt" count="26"/>
        <line num="347" type="stmt" count="3"/>
        <line num="348" type="stmt" count="0"/>
        <line num="350" type="stmt" count="3"/>
        <line num="351" type="stmt" count="3"/>
        <line num="352" type="stmt" count="3"/>
        <line num="354" type="stmt" count="3"/>
        <line num="356" type="stmt" count="24"/>
        <metrics loc="359" ncloc="241" classes="1" methods="6" coveredmethods="1" conditionals="0" coveredconditionals="0" statements="127" coveredstatements="116" elements="133" coveredelements="117"/>
      </file>
      <file name="/home/shaun/Web-Projects/zf2-twb-bundle/src/TwbBundle/Form/View/Helper/TwbBundleFormStatic.php">
        <class name="TwbBundleFormStatic" namespace="TwbBundle\Form\View\Helper">
          <metrics methods="2" coveredmethods="1" conditionals="0" coveredconditionals="0" statements="4" coveredstatements="3" elements="6" coveredelements="4"/>
        </class>
        <line num="22" type="method" name="__invoke" crap="2.15" count="1"/>
        <line num="24" type="stmt" count="1"/>
        <line num="25" type="stmt" count="0"/>
        <line num="28" type="stmt" count="1"/>
        <line num="36" type="method" name="render" crap="1" count="1"/>
        <line num="38" type="stmt" count="1"/>
        <metrics loc="40" ncloc="24" classes="1" methods="2" coveredmethods="1" conditionals="0" coveredconditionals="0" statements="4" coveredstatements="3" elements="6" coveredelements="4"/>
      </file>
    </package>
    <package name="TwbBundle\Navigation\View">
      <file name="/home/shaun/Web-Projects/zf2-twb-bundle/src/TwbBundle/Navigation/View/NavigationHelperFactory.php">
        <class name="NavigationHelperFactory" namespace="TwbBundle\Navigation\View">
          <metrics methods="2" coveredmethods="0" conditionals="0" coveredconditionals="0" statements="13" coveredstatements="0" elements="15" coveredelements="0"/>
        </class>
        <line num="12" type="method" name="__invoke" crap="2" count="0"/>
        <line num="13" type="stmt" count="0"/>
        <line num="14" type="stmt" count="0"/>
        <line num="15" type="stmt" count="0"/>
        <line num="16" type="stmt" count="0"/>
        <line num="17" type="stmt" count="0"/>
        <line num="19" type="method" name="getApplicationServicesFromContainer" crap="20" count="0"/>
        <line num="20" type="stmt" count="0"/>
        <line num="22" type="stmt" count="0"/>
        <line num="23" type="stmt" count="0"/>
        <line num="24" type="stmt" count="0"/>
        <line num="25" type="stmt" count="0"/>
        <line num="26" type="stmt" count="0"/>
        <line num="29" type="stmt" count="0"/>
        <line num="30" type="stmt" count="0"/>
        <metrics loc="30" ncloc="26" classes="1" methods="2" coveredmethods="0" conditionals="0" coveredconditionals="0" statements="13" coveredstatements="0" elements="15" coveredelements="0"/>
      </file>
    </package>
    <package name="TwbBundle\Options\Factory">
      <file name="/home/shaun/Web-Projects/zf2-twb-bundle/src/TwbBundle/Options/Factory/ModuleOptionsFactory.php">
        <class name="ModuleOptionsFactory" namespace="TwbBundle\Options\Factory">
          <metrics methods="2" coveredmethods="1" conditionals="0" coveredconditionals="0" statements="6" coveredstatements="3" elements="8" coveredelements="4"/>
        </class>
        <line num="12" type="method" name="createService" crap="2" count="0"/>
        <line num="14" type="stmt" count="0"/>
        <line num="15" type="stmt" count="0"/>
        <line num="16" type="stmt" count="0"/>
        <line num="19" type="method" name="__invoke" crap="1" count="1"/>
        <line num="21" type="stmt" count="1"/>
        <line num="22" type="stmt" count="1"/>
        <line num="23" type="stmt" count="1"/>
        <metrics loc="25" ncloc="25" classes="1" methods="2" coveredmethods="1" conditionals="0" coveredconditionals="0" statements="6" coveredstatements="3" elements="8" coveredelements="4"/>
      </file>
    </package>
    <package name="TwbBundle\Options">
      <file name="/home/shaun/Web-Projects/zf2-twb-bundle/src/TwbBundle/Options/ModuleOptions.php">
        <class name="ModuleOptions" namespace="TwbBundle\Options">
          <metrics methods="7" coveredmethods="7" conditionals="0" coveredconditionals="0" statements="7" coveredstatements="7" elements="14" coveredelements="14"/>
        </class>
        <line num="23" type="method" name="__construct" crap="1" count="1"/>
        <line num="25" type="stmt" count="1"/>
        <line num="28" type="method" name="getIgnoredViewHelpers" crap="1" count="41"/>
        <line num="30" type="stmt" count="41"/>
        <line num="32" type="method" name="setIgnoredViewHelpers" crap="1" count="1"/>
        <line num="34" type="stmt" count="1"/>
        <line num="37" type="method" name="getClassMap" crap="1" count="2"/>
        <line num="39" type="stmt" count="2"/>
        <line num="41" type="method" name="setClassMap" crap="1" count="1"/>
        <line num="43" type="stmt" count="1"/>
        <line num="46" type="method" name="getTypeMap" crap="1" count="2"/>
        <line num="48" type="stmt" count="2"/>
        <line num="50" type="method" name="setTypeMap" crap="1" count="1"/>
        <line num="52" type="stmt" count="1"/>
        <metrics loc="54" ncloc="46" classes="1" methods="7" coveredmethods="7" conditionals="0" coveredconditionals="0" statements="7" coveredstatements="7" elements="14" coveredelements="14"/>
      </file>
    </package>
    <package name="TwbBundle\View\Helper">
      <file name="/home/shaun/Web-Projects/zf2-twb-bundle/src/TwbBundle/View/Helper/Navigation.php">
        <class name="Navigation" namespace="TwbBundle\View\Helper">
          <metrics methods="1" coveredmethods="0" conditionals="0" coveredconditionals="0" statements="6" coveredstatements="0" elements="7" coveredelements="0"/>
        </class>
        <line num="18" type="method" name="getPluginManager" crap="6" count="0"/>
        <line num="19" type="stmt" count="0"/>
        <line num="20" type="stmt" count="0"/>
        <line num="21" type="stmt" count="0"/>
        <line num="22" type="stmt" count="0"/>
        <line num="24" type="stmt" count="0"/>
        <line num="25" type="stmt" count="0"/>
        <metrics loc="25" ncloc="17" classes="1" methods="1" coveredmethods="0" conditionals="0" coveredconditionals="0" statements="6" coveredstatements="0" elements="7" coveredelements="0"/>
      </file>
      <file name="/home/shaun/Web-Projects/zf2-twb-bundle/src/TwbBundle/View/Helper/TwbBundleAlert.php">
        <class name="TwbBundleAlert" namespace="TwbBundle\View\Helper">
          <metrics methods="2" coveredmethods="0" conditionals="0" coveredconditionals="0" statements="29" coveredstatements="25" elements="31" coveredelements="25"/>
        </class>
        <line num="27" type="method" name="__invoke" crap="5.02" count="3"/>
        <line num="29" type="stmt" count="3"/>
        <line num="30" type="stmt" count="0"/>
        <line num="32" type="stmt" count="3"/>
        <line num="33" type="stmt" count="0"/>
        <line num="35" type="stmt" count="3"/>
        <line num="46" type="method" name="render" crap="11.07" count="6"/>
        <line num="48" type="stmt" count="6"/>
        <line num="49" type="stmt" count="0"/>
        <line num="52" type="stmt" count="6"/>
        <line num="53" type="stmt" count="1"/>
        <line num="54" type="stmt" count="5"/>
        <line num="55" type="stmt" count="1"/>
        <line num="56" type="stmt" count="4"/>
        <line num="57" type="stmt" count="1"/>
        <line num="58" type="stmt" count="3"/>
        <line num="59" type="stmt" count="1"/>
        <line num="60" type="stmt" count="2"/>
        <line num="61" type="stmt" count="1"/>
        <line num="64" type="stmt" count="3"/>
        <line num="65" type="stmt" count="2"/>
        <line num="68" type="stmt" count="3"/>
        <line num="69" type="stmt" count="0"/>
        <line num="72" type="stmt" count="3"/>
        <line num="73" type="stmt" count="1"/>
        <line num="74" type="stmt" count="1"/>
        <line num="75" type="stmt" count="1"/>
        <line num="79" type="stmt" count="3"/>
        <line num="80" type="stmt" count="3"/>
        <line num="81" type="stmt" count="3"/>
        <line num="82" type="stmt" count="3"/>
        <metrics loc="85" ncloc="64" classes="1" methods="2" coveredmethods="0" conditionals="0" coveredconditionals="0" statements="29" coveredstatements="25" elements="31" coveredelements="25"/>
      </file>
      <file name="/home/shaun/Web-Projects/zf2-twb-bundle/src/TwbBundle/View/Helper/TwbBundleBadge.php">
        <class name="TwbBundleBadge" namespace="TwbBundle\View\Helper">
          <metrics methods="2" coveredmethods="0" conditionals="0" coveredconditionals="0" statements="19" coveredstatements="13" elements="21" coveredelements="13"/>
        </class>
        <line num="21" type="method" name="__invoke" crap="2.15" count="1"/>
        <line num="23" type="stmt" count="1"/>
        <line num="24" type="stmt" count="0"/>
        <line num="26" type="stmt" count="1"/>
        <line num="36" type="method" name="render" crap="8.50" count="1"/>
        <line num="38" type="stmt" count="1"/>
        <line num="39" type="stmt" count="0"/>
        <line num="40" type="stmt" count="0"/>
        <line num="41" type="stmt" count="0"/>
        <line num="45" type="stmt" count="1"/>
        <line num="46" type="stmt" count="1"/>
        <line num="48" type="stmt" count="1"/>
        <line num="49" type="stmt" count="0"/>
        <line num="50" type="stmt" count="1"/>
        <line num="51" type="stmt" count="1"/>
        <line num="55" type="stmt" count="1"/>
        <line num="56" type="stmt" count="0"/>
        <line num="59" type="stmt" count="1"/>
        <line num="60" type="stmt" count="1"/>
        <line num="61" type="stmt" count="1"/>
        <line num="62" type="stmt" count="1"/>
        <metrics loc="65" ncloc="49" classes="1" methods="2" coveredmethods="0" conditionals="0" coveredconditionals="0" statements="19" coveredstatements="13" elements="21" coveredelements="13"/>
      </file>
      <file name="/home/shaun/Web-Projects/zf2-twb-bundle/src/TwbBundle/View/Helper/TwbBundleButtonGroup.php">
        <class name="TwbBundleButtonGroup" namespace="TwbBundle\View\Helper">
          <metrics methods="4" coveredmethods="1" conditionals="0" coveredconditionals="0" statements="33" coveredstatements="25" elements="37" coveredelements="26"/>
        </class>
        <line num="33" type="method" name="__invoke" crap="2" count="8"/>
        <line num="35" type="stmt" count="8"/>
        <line num="45" type="method" name="render" crap="5.07" count="8"/>
        <line num="50" type="stmt" count="8"/>
        <line num="51" type="stmt" count="5"/>
        <line num="53" type="stmt" count="4"/>
        <line num="54" type="stmt" count="0"/>
        <line num="56" type="stmt" count="4"/>
        <line num="57" type="stmt" count="0"/>
        <line num="58" type="stmt" count="4"/>
        <line num="59" type="stmt" count="3"/>
        <line num="66" type="stmt" count="8"/>
        <line num="67" type="stmt" count="8"/>
        <line num="69" type="stmt" count="8"/>
        <line num="71" type="stmt" count="8"/>
        <line num="72" type="stmt" count="8"/>
        <line num="73" type="stmt" count="8"/>
        <line num="83" type="method" name="renderButtons" crap="9.86" count="8"/>
        <line num="85" type="stmt" count="8"/>
        <line num="86" type="stmt" count="8"/>
        <line num="87" type="stmt" count="8"/>
        <line num="88" type="stmt" count="8"/>
        <line num="89" type="stmt" count="8"/>
        <line num="91" type="stmt" count="0"/>
        <line num="92" type="stmt" count="0"/>
        <line num="93" type="stmt" count="8"/>
        <line num="94" type="stmt" count="0"/>
        <line num="95" type="stmt" count="0"/>
        <line num="99" type="stmt" count="8"/>
        <line num="101" type="stmt" count="8"/>
        <line num="103" type="stmt" count="8"/>
        <line num="109" type="method" name="getFormElementHelper" crap="3.58" count="8"/>
        <line num="111" type="stmt" count="8"/>
        <line num="112" type="stmt" count="0"/>
        <line num="114" type="stmt" count="8"/>
        <line num="115" type="stmt" count="8"/>
        <line num="118" type="stmt" count="0"/>
        <metrics loc="120" ncloc="81" classes="1" methods="4" coveredmethods="1" conditionals="0" coveredconditionals="0" statements="33" coveredstatements="25" elements="37" coveredelements="26"/>
      </file>
      <file name="/home/shaun/Web-Projects/zf2-twb-bundle/src/TwbBundle/View/Helper/TwbBundleDropdown.php">
        <class name="TwbBundleDropDown" namespace="TwbBundle\View\Helper">
          <metrics methods="5" coveredmethods="1" conditionals="0" coveredconditionals="0" statements="128" coveredstatements="111" elements="133" coveredelements="112"/>
        </class>
        <line num="58" type="method" name="__invoke" crap="2" count="12"/>
        <line num="60" type="stmt" count="12"/>
        <line num="69" type="method" name="render" crap="5.39" count="4"/>
        <line num="72" type="stmt" count="4"/>
        <line num="74" type="stmt" count="0"/>
        <line num="76" type="stmt" count="4"/>
        <line num="77" type="stmt" count="0"/>
        <line num="80" type="stmt" count="4"/>
        <line num="82" type="stmt" count="0"/>
        <line num="83" type="stmt" count="4"/>
        <line num="85" type="stmt" count="4"/>
        <line num="90" type="stmt" count="4"/>
        <line num="91" type="stmt" count="4"/>
        <line num="92" type="stmt" count="4"/>
        <line num="93" type="stmt" count="4"/>
        <line num="103" type="method" name="renderToggle" crap="13.05" count="7"/>
        <line num="106" type="stmt" count="7"/>
        <line num="107" type="stmt" count="3"/>
        <line num="108" type="stmt" count="4"/>
        <line num="109" type="stmt" count="0"/>
        <line num="110" type="stmt" count="4"/>
        <line num="111" type="stmt" count="0"/>
        <line num="115" type="stmt" count="7"/>
        <line num="116" type="stmt" count="4"/>
        <line num="118" type="stmt" count="3"/>
        <line num="119" type="stmt" count="1"/>
        <line num="122" type="stmt" count="2"/>
        <line num="123" type="stmt" count="1"/>
        <line num="125" type="stmt" count="1"/>
        <line num="126" type="stmt" count="1"/>
        <line num="128" type="stmt" count="1"/>
        <line num="129" type="stmt" count="1"/>
        <line num="135" type="stmt" count="6"/>
        <line num="136" type="stmt" count="6"/>
        <line num="140" type="stmt" count="6"/>
        <line num="141" type="stmt" count="6"/>
        <line num="145" type="stmt" count="6"/>
        <line num="146" type="stmt" count="6"/>
        <line num="150" type="stmt" count="6"/>
        <line num="151" type="stmt" count="4"/>
        <line num="154" type="stmt" count="6"/>
        <line num="155" type="stmt" count="6"/>
        <line num="156" type="stmt" count="6"/>
        <line num="157" type="stmt" count="6"/>
        <line num="159" type="stmt" count="6"/>
        <line num="160" type="stmt" count="6"/>
        <line num="161" type="stmt" count="6"/>
        <line num="171" type="method" name="renderListItems" crap="17.47" count="12"/>
        <line num="173" type="stmt" count="12"/>
        <line num="174" type="stmt" count="0"/>
        <line num="177" type="stmt" count="12"/>
        <line num="178" type="stmt" count="0"/>
        <line num="182" type="stmt" count="12"/>
        <line num="183" type="stmt" count="6"/>
        <line num="185" type="stmt" count="7"/>
        <line num="186" type="stmt" count="0"/>
        <line num="189" type="stmt" count="7"/>
        <line num="190" type="stmt" count="5"/>
        <line num="191" type="stmt" count="2"/>
        <line num="192" type="stmt" count="2"/>
        <line num="197" type="stmt" count="12"/>
        <line num="198" type="stmt" count="12"/>
        <line num="202" type="stmt" count="12"/>
        <line num="203" type="stmt" count="6"/>
        <line num="207" type="stmt" count="12"/>
        <line num="208" type="stmt" count="12"/>
        <line num="209" type="stmt" count="12"/>
        <line num="210" type="stmt" count="12"/>
        <line num="211" type="stmt" count="0"/>
        <line num="213" type="stmt" count="12"/>
        <line num="215" type="stmt" count="9"/>
        <line num="218" type="stmt" count="12"/>
        <line num="219" type="stmt" count="12"/>
        <line num="220" type="stmt" count="12"/>
        <line num="223" type="stmt" count="2"/>
        <line num="224" type="stmt" count="1"/>
        <line num="227" type="stmt" count="2"/>
        <line num="228" type="stmt" count="1"/>
        <line num="231" type="stmt" count="12"/>
        <line num="234" type="stmt" count="12"/>
        <line num="235" type="stmt" count="12"/>
        <line num="236" type="stmt" count="12"/>
        <line num="246" type="method" name="renderItem" crap="22.81" count="13"/>
        <line num="248" type="stmt" count="13"/>
        <line num="249" type="stmt" count="0"/>
        <line num="253" type="stmt" count="13"/>
        <line num="254" type="stmt" count="12"/>
        <line num="255" type="stmt" count="2"/>
        <line num="256" type="stmt" count="0"/>
        <line num="260" type="stmt" count="13"/>
        <line num="261" type="stmt" count="13"/>
        <line num="264" type="stmt" count="13"/>
        <line num="265" type="stmt" count="13"/>
        <line num="266" type="stmt" count="13"/>
        <line num="268" type="stmt" count="2"/>
        <line num="269" type="stmt" count="1"/>
        <line num="270" type="stmt" count="1"/>
        <line num="271" type="stmt" count="1"/>
        <line num="275" type="stmt" count="2"/>
        <line num="276" type="stmt" count="0"/>
        <line num="279" type="stmt" count="2"/>
        <line num="280" type="stmt" count="0"/>
        <line num="281" type="stmt" count="2"/>
        <line num="282" type="stmt" count="0"/>
        <line num="285" type="stmt" count="2"/>
        <line num="286" type="stmt" count="2"/>
        <line num="287" type="stmt" count="13"/>
        <line num="289" type="stmt" count="10"/>
        <line num="290" type="stmt" count="9"/>
        <line num="291" type="stmt" count="1"/>
        <line num="292" type="stmt" count="1"/>
        <line num="295" type="stmt" count="10"/>
        <line num="296" type="stmt" count="10"/>
        <line num="298" type="stmt" count="12"/>
        <line num="299" type="stmt" count="12"/>
        <line num="300" type="stmt" count="0"/>
        <line num="302" type="stmt" count="12"/>
        <line num="303" type="stmt" count="0"/>
        <line num="304" type="stmt" count="12"/>
        <line num="305" type="stmt" count="0"/>
        <line num="309" type="stmt" count="12"/>
        <line num="310" type="stmt" count="12"/>
        <line num="314" type="stmt" count="12"/>
        <line num="315" type="stmt" count="12"/>
        <line num="319" type="stmt" count="12"/>
        <line num="320" type="stmt" count="12"/>
        <line num="323" type="stmt" count="12"/>
        <line num="324" type="stmt" count="12"/>
        <line num="325" type="stmt" count="12"/>
        <line num="326" type="stmt" count="12"/>
        <line num="328" type="stmt" count="12"/>
        <line num="329" type="stmt" count="12"/>
        <line num="332" type="stmt" count="13"/>
        <metrics loc="334" ncloc="224" classes="1" methods="5" coveredmethods="1" conditionals="0" coveredconditionals="0" statements="128" coveredstatements="111" elements="133" coveredelements="112"/>
      </file>
      <file name="/home/shaun/Web-Projects/zf2-twb-bundle/src/TwbBundle/View/Helper/TwbBundleFontAwesome.php">
        <class name="TwbBundleFontAwesome" namespace="TwbBundle\View\Helper" fullPackage="TwbBundle" package="TwbBundle">
          <metrics methods="2" coveredmethods="2" conditionals="0" coveredconditionals="0" statements="21" coveredstatements="21" elements="23" coveredelements="23"/>
        </class>
        <line num="30" type="method" name="__invoke" crap="2" count="2"/>
        <line num="32" type="stmt" count="2"/>
        <line num="33" type="stmt" count="1"/>
        <line num="35" type="stmt" count="1"/>
        <line num="45" type="method" name="render" crap="7" count="4"/>
        <line num="47" type="stmt" count="4"/>
        <line num="48" type="stmt" count="1"/>
        <line num="49" type="stmt" count="1"/>
        <line num="50" type="stmt" count="1"/>
        <line num="51" type="stmt" count="1"/>
        <line num="56" type="stmt" count="3"/>
        <line num="57" type="stmt" count="1"/>
        <line num="60" type="stmt" count="2"/>
        <line num="61" type="stmt" count="1"/>
        <line num="62" type="stmt" count="1"/>
        <line num="63" type="stmt" count="1"/>
        <line num="67" type="stmt" count="3"/>
        <line num="68" type="stmt" count="3"/>
        <line num="71" type="stmt" count="3"/>
        <line num="72" type="stmt" count="3"/>
        <line num="75" type="stmt" count="3"/>
        <line num="76" type="stmt" count="3"/>
        <line num="77" type="stmt" count="3"/>
        <metrics loc="80" ncloc="55" classes="1" methods="2" coveredmethods="2" conditionals="0" coveredconditionals="0" statements="21" coveredstatements="21" elements="23" coveredelements="23"/>
      </file>
      <file name="/home/shaun/Web-Projects/zf2-twb-bundle/src/TwbBundle/View/Helper/TwbBundleGlyphicon.php">
        <class name="TwbBundleGlyphicon" namespace="TwbBundle\View\Helper">
          <metrics methods="2" coveredmethods="2" conditionals="0" coveredconditionals="0" statements="18" coveredstatements="18" elements="20" coveredelements="20"/>
        </class>
        <line num="21" type="method" name="__invoke" crap="2" count="5"/>
        <line num="23" type="stmt" count="5"/>
        <line num="24" type="stmt" count="1"/>
        <line num="26" type="stmt" count="4"/>
        <line num="36" type="method" name="render" crap="7" count="7"/>
        <line num="38" type="stmt" count="7"/>
        <line num="39" type="stmt" count="1"/>
        <line num="42" type="stmt" count="6"/>
        <line num="43" type="stmt" count="4"/>
        <line num="46" type="stmt" count="2"/>
        <line num="47" type="stmt" count="1"/>
        <line num="48" type="stmt" count="1"/>
        <line num="49" type="stmt" count="1"/>
        <line num="53" type="stmt" count="6"/>
        <line num="54" type="stmt" count="6"/>
        <line num="57" type="stmt" count="6"/>
        <line num="58" type="stmt" count="6"/>
        <line num="61" type="stmt" count="6"/>
        <line num="62" type="stmt" count="6"/>
        <line num="63" type="stmt" count="6"/>
        <metrics loc="66" ncloc="50" classes="1" methods="2" coveredmethods="2" conditionals="0" coveredconditionals="0" statements="18" coveredstatements="18" elements="20" coveredelements="20"/>
      </file>
      <file name="/home/shaun/Web-Projects/zf2-twb-bundle/src/TwbBundle/View/Helper/TwbBundleLabel.php">
        <class name="TwbBundleLabel" namespace="TwbBundle\View\Helper">
          <metrics methods="2" coveredmethods="0" conditionals="0" coveredconditionals="0" statements="24" coveredstatements="20" elements="26" coveredelements="20"/>
        </class>
        <line num="36" type="method" name="__invoke" crap="2.15" count="1"/>
        <line num="38" type="stmt" count="1"/>
        <line num="39" type="stmt" count="0"/>
        <line num="42" type="stmt" count="1"/>
        <line num="52" type="method" name="render" crap="10.29" count="4"/>
        <line num="54" type="stmt" count="4"/>
        <line num="55" type="stmt" count="0"/>
        <line num="58" type="stmt" count="4"/>
        <line num="59" type="stmt" count="0"/>
        <line num="62" type="stmt" count="4"/>
        <line num="63" type="stmt" count="1"/>
        <line num="64" type="stmt" count="3"/>
        <line num="65" type="stmt" count="1"/>
        <line num="66" type="stmt" count="2"/>
        <line num="67" type="stmt" count="1"/>
        <line num="68" type="stmt" count="1"/>
        <line num="69" type="stmt" count="1"/>
        <line num="72" type="stmt" count="1"/>
        <line num="73" type="stmt" count="1"/>
        <line num="76" type="stmt" count="1"/>
        <line num="77" type="stmt" count="0"/>
        <line num="80" type="stmt" count="1"/>
        <line num="81" type="stmt" count="1"/>
        <line num="82" type="stmt" count="1"/>
        <line num="83" type="stmt" count="1"/>
        <line num="84" type="stmt" count="1"/>
        <metrics loc="87" ncloc="62" classes="1" methods="2" coveredmethods="0" conditionals="0" coveredconditionals="0" statements="24" coveredstatements="20" elements="26" coveredelements="20"/>
      </file>
    </package>
    <package name="TwbBundle\View\Helper\Navigation">
      <file name="/home/shaun/Web-Projects/zf2-twb-bundle/src/TwbBundle/View/Helper/Navigation/PluginManager.php">
        <class name="PluginManager" namespace="TwbBundle\View\Helper\Navigation">
          <metrics methods="1" coveredmethods="0" conditionals="0" coveredconditionals="0" statements="6" coveredstatements="0" elements="7" coveredelements="0"/>
        </class>
        <line num="10" type="method" name="__construct" crap="2" count="0"/>
        <line num="11" type="stmt" count="0"/>
        <line num="12" type="stmt" count="0"/>
        <line num="13" type="stmt" count="0"/>
        <line num="15" type="stmt" count="0"/>
        <line num="17" type="stmt" count="0"/>
        <line num="18" type="stmt" count="0"/>
        <metrics loc="18" ncloc="18" classes="1" methods="1" coveredmethods="0" conditionals="0" coveredconditionals="0" statements="6" coveredstatements="0" elements="7" coveredelements="0"/>
      </file>
      <file name="/home/shaun/Web-Projects/zf2-twb-bundle/src/TwbBundle/View/Helper/Navigation/TwbBundleMenu.php">
        <class name="TwbBundleMenu" namespace="TwbBundle\View\Helper\Navigation">
          <metrics methods="11" coveredmethods="4" conditionals="0" coveredconditionals="0" statements="141" coveredstatements="86" elements="152" coveredelements="90"/>
        </class>
        <line num="44" type="method" name="getUlId" crap="1" count="1"/>
        <line num="46" type="stmt" count="1"/>
        <line num="53" type="method" name="setUlId" crap="2" count="0"/>
        <line num="55" type="stmt" count="0"/>
        <line num="56" type="stmt" count="0"/>
        <line num="62" type="method" name="getLiClass" crap="1" count="1"/>
        <line num="64" type="stmt" count="1"/>
        <line num="70" type="method" name="setLiClass" crap="2" count="0"/>
        <line num="72" type="stmt" count="0"/>
        <line num="73" type="stmt" count="0"/>
        <line num="79" type="method" name="getSubUlClass" crap="1" count="1"/>
        <line num="81" type="stmt" count="1"/>
        <line num="88" type="method" name="setSubUlClass" crap="2" count="0"/>
        <line num="90" type="stmt" count="0"/>
        <line num="91" type="stmt" count="0"/>
        <line num="97" type="method" name="getUseCaret" crap="1" count="1"/>
        <line num="99" type="stmt" count="1"/>
        <line num="106" type="method" name="setUseCaret" crap="2" count="0"/>
        <line num="108" type="stmt" count="0"/>
        <line num="109" type="stmt" count="0"/>
        <line num="125" type="method" name="renderDeepestMenu" crap="240" count="0"/>
        <line num="135" type="stmt" count="0"/>
        <line num="136" type="stmt" count="0"/>
        <line num="140" type="stmt" count="0"/>
        <line num="141" type="stmt" count="0"/>
        <line num="142" type="stmt" count="0"/>
        <line num="144" type="stmt" count="0"/>
        <line num="146" type="stmt" count="0"/>
        <line num="147" type="stmt" count="0"/>
        <line num="149" type="stmt" count="0"/>
        <line num="152" type="stmt" count="0"/>
        <line num="153" type="stmt" count="0"/>
        <line num="154" type="stmt" count="0"/>
        <line num="156" type="stmt" count="0"/>
        <line num="157" type="stmt" count="0"/>
        <line num="158" type="stmt" count="0"/>
        <line num="162" type="stmt" count="0"/>
        <line num="164" type="stmt" count="0"/>
        <line num="165" type="stmt" count="0"/>
        <line num="169" type="stmt" count="0"/>
        <line num="170" type="stmt" count="0"/>
        <line num="172" type="stmt" count="0"/>
        <line num="174" type="stmt" count="0"/>
        <line num="175" type="stmt" count="0"/>
        <line num="176" type="stmt" count="0"/>
        <line num="179" type="stmt" count="0"/>
        <line num="181" type="stmt" count="0"/>
        <line num="197" type="method" name="renderNormalMenu" crap="46.41" count="1"/>
        <line num="208" type="stmt" count="1"/>
        <line num="212" type="stmt" count="1"/>
        <line num="213" type="stmt" count="1"/>
        <line num="214" type="stmt" count="1"/>
        <line num="215" type="stmt" count="1"/>
        <line num="217" type="stmt" count="0"/>
        <line num="221" type="stmt" count="1"/>
        <line num="222" type="stmt" count="1"/>
        <line num="223" type="stmt" count="1"/>
        <line num="224" type="stmt" count="0"/>
        <line num="228" type="stmt" count="1"/>
        <line num="229" type="stmt" count="1"/>
        <line num="230" type="stmt" count="1"/>
        <line num="231" type="stmt" count="1"/>
        <line num="232" type="stmt" count="1"/>
        <line num="234" type="stmt" count="1"/>
        <line num="235" type="stmt" count="1"/>
        <line num="237" type="stmt" count="0"/>
        <line num="238" type="stmt" count="0"/>
        <line num="239" type="stmt" count="0"/>
        <line num="241" type="stmt" count="0"/>
        <line num="242" type="stmt" count="0"/>
        <line num="244" type="stmt" count="0"/>
        <line num="245" type="stmt" count="0"/>
        <line num="248" type="stmt" count="0"/>
        <line num="253" type="stmt" count="0"/>
        <line num="254" type="stmt" count="0"/>
        <line num="259" type="stmt" count="1"/>
        <line num="260" type="stmt" count="1"/>
        <line num="262" type="stmt" count="1"/>
        <line num="264" type="stmt" count="1"/>
        <line num="265" type="stmt" count="1"/>
        <line num="266" type="stmt" count="1"/>
        <line num="267" type="stmt" count="1"/>
        <line num="269" type="stmt" count="0"/>
        <line num="272" type="stmt" count="1"/>
        <line num="273" type="stmt" count="0"/>
        <line num="275" type="stmt" count="1"/>
        <line num="278" type="stmt" count="1"/>
        <line num="279" type="stmt" count="1"/>
        <line num="281" type="stmt" count="1"/>
        <line num="282" type="stmt" count="1"/>
        <line num="283" type="stmt" count="1"/>
        <line num="284" type="stmt" count="1"/>
        <line num="287" type="stmt" count="1"/>
        <line num="290" type="stmt" count="1"/>
        <line num="294" type="stmt" count="1"/>
        <line num="295" type="stmt" count="1"/>
        <line num="297" type="stmt" count="1"/>
        <line num="298" type="stmt" count="1"/>
        <line num="301" type="stmt" count="1"/>
        <line num="302" type="stmt" count="1"/>
        <line num="303" type="stmt" count="1"/>
        <line num="305" type="stmt" count="1"/>
        <line num="306" type="stmt" count="1"/>
        <line num="310" type="stmt" count="1"/>
        <line num="311" type="stmt" count="0"/>
        <line num="313" type="stmt" count="1"/>
        <line num="315" type="stmt" count="1"/>
        <line num="316" type="stmt" count="1"/>
        <line num="319" type="stmt" count="1"/>
        <line num="322" type="stmt" count="1"/>
        <line num="324" type="stmt" count="1"/>
        <line num="325" type="stmt" count="1"/>
        <line num="326" type="stmt" count="1"/>
        <line num="327" type="stmt" count="1"/>
        <line num="329" type="stmt" count="1"/>
        <line num="332" type="stmt" count="1"/>
        <line num="346" type="method" name="htmlify" crap="13.85" count="1"/>
        <line num="349" type="stmt" count="1"/>
        <line num="350" type="stmt" count="1"/>
        <line num="353" type="stmt" count="1"/>
        <line num="354" type="stmt" count="0"/>
        <line num="355" type="stmt" count="0"/>
        <line num="356" type="stmt" count="0"/>
        <line num="358" type="stmt" count="0"/>
        <line num="359" type="stmt" count="0"/>
        <line num="364" type="stmt" count="1"/>
        <line num="365" type="stmt" count="1"/>
        <line num="367" type="stmt" count="1"/>
        <line num="368" type="stmt" count="1"/>
        <line num="369" type="stmt" count="1"/>
        <line num="372" type="stmt" count="1"/>
        <line num="373" type="stmt" count="1"/>
        <line num="374" type="stmt" count="1"/>
        <line num="376" type="stmt" count="1"/>
        <line num="377" type="stmt" count="1"/>
        <line num="378" type="stmt" count="1"/>
        <line num="380" type="stmt" count="1"/>
        <line num="381" type="stmt" count="1"/>
        <line num="384" type="stmt" count="1"/>
        <line num="385" type="stmt" count="1"/>
        <line num="389" type="stmt" count="1"/>
        <line num="390" type="stmt" count="1"/>
        <line num="391" type="stmt" count="1"/>
        <line num="392" type="stmt" count="1"/>
        <line num="395" type="stmt" count="1"/>
        <line num="396" type="stmt" count="1"/>
        <line num="397" type="stmt" count="1"/>
        <line num="398" type="stmt" count="1"/>
        <line num="400" type="stmt" count="0"/>
        <line num="403" type="stmt" count="1"/>
        <line num="404" type="stmt" count="1"/>
        <line num="406" type="stmt" count="1"/>
        <metrics loc="408" ncloc="265" classes="1" methods="11" coveredmethods="4" conditionals="0" coveredconditionals="0" statements="141" coveredstatements="86" elements="152" coveredelements="90"/>
      </file>
    </package>
    <metrics files="29" loc="3199" ncloc="2263" classes="28" methods="87" coveredmethods="46" conditionals="0" coveredconditionals="0" statements="1025" coveredstatements="862" elements="1112" coveredelements="908"/>
  </project>
</coverage>
